// os
// data
800000F8:OSBusClock
800030C0:EXIProbeStartTime
800030D8:OSSystemTime

// __mem.c
800050B4:memset
// 800050E4:__fill_mem
8000519C:memcpy

// system.o
// unused:memcmp_as4
// unused:memset_as4
80005634:memcpy_as4
// unused:LZ77Decode
// unused:mtxGetScaleElement
80005654:mtxGetRotationElement
// unused:mtx_set_col_vec
// unused:mtx_set_row_vec
// unused:mtx_col_vec
// unused:mtx_row_vec
// unused:sysOSReport
// unused:sysFrame2MsecFloat
// unused:sysFrame2Msec
8000598C:sysMsec2FrameFloat
800059CC:sysMsec2Frame
800059F4:sysFrame2SecFloat
// unused:sysFrame2Sec
// unused:sysSec2FrameFloat
// unused:sysSec2Frame
80005A00:getV60FPS
80005AD8:sysDummyDraw
80005CE4:sysWaitDrawSync
80005D90:sysGetToken
80005DA0:irand
// unused:movePos3
// unused:movePos2
80005DE4:movePos
80005E8C:sincosf
80005F04:padGetRumbleStatus
80005F14:padRumbleHardOff
80005F28:padRumbleOff
80005F3C:padRumbleOn
// unused:keyGetTriggerR
// unused:keyGetTriggerL
80005F50:keyGetSubStickY
// unused:keyGetSubStickX
80005F60:keyGetStickY
80005F70:keyGetStickX
80005F80:keyGetButtonTrg
80005F94:keyGetDirTrg
80005FA8:keyGetButtonRep
80005FBC:keyGetDirRep
80005FD0:keyGetButton
80005FE4:keyGetDir
80005FF8:makeKey
800064FC:qqsort
// 80006680:fsort
// unused:intplStringToEnum
80006C8C:intplGetValue
8000703C:angleABf
800071F0:compAngle
8000722C:distABf
80007328:reviseAngle
// unused:roundi
// unused:__assert2
// unused:__assert
80007388:getMarioStDvdRoot

// seq_mapchange.o
// text
// 80007574:_relUnLoad
// 800075E0:_load
80007AB4:_unload
// 80007C2C:seq_mapChangeMain
// 80008724:seq_mapChangeExit
// 8000874C:seq_mapChangeInit
// data
8041E5A8:_next_bero
8041E5C8:_next_map
8041E5E8:_next_area

// seq_title.o
// text
// 80008888:pressStartGX
// 80008D30:disp2
// 80009098:disp1
80009224:titleMain
// 80009AE8:L_titleInit
// 80009CCC:N_getDebugMode
// 80009CD8:seq_titleMain
// 80009CF8:seq_titleExit
// 80009D30:seq_titleInit
// 80009D90:DbgBtlSel_GetMsgDataPtr
// data
80414FA0:seqTitleWorkPtr2

// camdrv.o
// 8000E388:camLetterBox
// 8000E564:camLetterBoxDraw
// 8000E7E8:getScreenPoint
// 8000E8A4:camSetTypeOrtho
// 8000E8C0:camSetTypePersp
// 8000E8DC:camCtrlOff
// 8000E8FC:camCtrlOn
// 8000E91C:L_camDispOff
8000E93C:L_camDispOn
// 8000E95C:camSetMode
// 8000E974:camEffMain
// 8000EA30:cam3dImgMain
// 8000EA68:cam3dMain
// 8000F2D4:camSetCurNo
// 8000F2DC:camGetCurNo
// 8000F2E4:camGetCurPtr
8000F2FC:camGetPtr
// 8000F310:camUnLoadRoad
// 8000F36C:camLoadRoad
// 8000F454:camDraw
// 8000F548:camEvalNearFar
// 8000F704:camMain
// 8000FAC8:camEntryPersp
// 8000FD9C:camInit

// dispdrv.o
// unused:dispGetEntNum
80010864:dispGetCurWork
8001086C:dispCalcZ
80010900:dispDraw
80010B5C:dispSort
// 80010B90:_sort
80010BC4:dispEntry
80010C64:dispReInit
80010C70:dispInit

// fadedrv.o
// text
// 80010CD4:fadeSetNarrowFast
// 80010CE8:fadeGetTpl
// 80010CF4:fadeReset
// 80010D94:fadeIsFinish
// 80010DC0:disp_dummy_black
// 80010FB8:disp_tec
// 800113BC:disp_maku
// 800116F4:zFill
// 8001198C:z
// 80011A7C:disp_texture
// 80012058:fadeMain
// 80013220:fadeSetOffscreenCallback
// 80013230:fadeSetAnimVirtualPos
// 80013290:fadeSetAnimOfsPos
// 800132A0:fadeSetSpotPos
// 800132B0:fadeWhiteOutOff
// 800132C4:fadeWhiteOutOn
// 800132D8:fadeSoftFocusOff
// 800132EC:fadeSoftFocusOn
// 80013300:fadeTecSoftOff
// 80013320:fadeTecSoftOn
// 80013340:fadeTecOff
// 80013354:fadeTecOn
80013368:fadeEntry
// 80013AA4:fadeTexSetup
// 80013B90:fadeInit
// 80013CA4:_callback
// data
8041E620:_fadeWorkPtr

// hitdrv.o
80013CEC:hitBindUpdate
80013DF8:hitBindMapObj
80013EF0:hitGetDamageReturnPos
80013EFC:hitGrpDamageReturnSet
80013FC4:hitDamageReturnSet
80014310:hitGetAttr
80014328:hitGetName
800143C4:hitObjGetNormal
8001449C:hitObjGetPos
800145EC:hitObjGetPosSub
80014B58:hitNameToPtr
80014C08:hitCheckSphereFilter
800151A0:hitCheckAttr
800152D4:chkFilterAttr
800152EC:hitCheckVecHitObjXZ
800153D0:checkTriVec_xz
8001577C:hitCheckFilter
800158A4:hitCheckVecFilter
800165A8:hitCalcVtxPosition
80016A5C:hitReCalcMatrix2
80016F08:hitReCalcMatrix
80016F68:hitGrpAttrOff
80017040:hitGrpAttrOn
80017118:hitAtrOff
8001742C:hitAtrOn
8001773C:hitObjAttrOff
80017810:hitObjAttrOn
800178E4:hitGrpFlagOff
800179BC:hitGrpFlagOn
80017A94:hitFlgOff
80017DAC:hitFlgOn
800180BC:hitObjFlagOff
80018190:hitObjFlagOn
80018264:hitMain
800184B0:hitDelete
800185E8:hitEntryMOBJ
80018658:hitEntry
800186F4:hitEntrySub
8001896C:_hitEnt
80018DF8:hitReInit
80018E98:hitInit

// icondrv.o
// 80018E9C:iconNumberDispGx3D
80019120:iconNumberDispGx
// 800193A4:iconSetAlpha
// 8001944C:iconSetScale
// 80019504:iconFlagOff
// 800195A4:iconFlagOn
// 80019644:iconSetPos
// 80019754:iconNameToPtr
// 800197F8:iconGX
8001A19C:iconGetWidthHight
// 8001A29C:iconGetTexObj
8001A4BC:iconDispGxCol
// 8001A6E0:iconDispGx2
8001A918:iconDispGx
8001A93C:iconDispGxAlpha
// 8001ABF0:iconDisp
// 8001ACA8:iconChange
// 8001AE08:iconDelete
// 8001AEB0:iconEntry2D
// 8001B094:iconEntry
// 8001B2D8:iconMain
// 8001B64C:iconReInit
// 8001B694:iconTexSetup
// 8001B698:iconInit
// 8001B810:_callback_bin
// 8001B83C:_callback_tpl

// mapdrv.o
// 8001C450:mapObjGetFlushColor
// 8001C584:mapGrpSetFlushColor
// 8001C5E0:mapObjSetFlushColor
// 8001C7A4:mapGrpFlushOff
// 8001C7C8:mapGrpFlushOn
// 8001C7EC:mapObjFlushOff
// 8001C8FC:mapObjFlushOn
// 8001CA0C:mapSetTevCallback
// 8001CA2C:mapTestXLU
// 8001CAD4:spline_getvalue
// 8001CC4C:spline_maketable
// 8001D2B4:mapSetProjMtx
// 8001D2D8:mapSetProjTexObj
// 8001D320:mapGrpSetColor
// 8001D3DC:setColor
// 8001D830:mapObjSetColor
// 8001D8F4:mapBlendOff2
// 8001D914:mapBlendOff
// 8001D934:mapGetBlend2
// 8001D968:mapGetBlend
// 8001D99C:mapSetBlend2
// 8001D9C4:mapSetBlend
// 8001D9EC:mapFogOff
// 8001DA0C:mapFogOn
// 8001DA2C:mapGetFog
// 8001DA60:mapSetFog
// 8001DA88:mapObjGetPos
// 8001DBC8:mapObjGetPosSub
// 8001E134:mapObjScale
// 8001E254:mapObjTranslate
// 8001E390:mapObjRotate
// 8001E510:mapGrpClearOffScreen
// 8001E5C4:mapObjClearOffScreen
// 8001E67C:mapGrpSetOffScreen
// 8001E740:mapObjSetOffScreen
// 8001E800:_setOffScrnId
// 8001ECB8:mapGrpFlagOff
// 8001EDD0:mapGrpFlagOn
// 8001EEE8:mapFlgOff
// 8001F1FC:mapFlgOn
// 8001F63C:mapObjFlagOff
// 8001F750:mapObjFlagOn
// 8001F878:mapGetMapObj
// 8001F920:mapSearchDmdJoint
// 8001F958:mapSearchDmdJointSub2
// 8001FD48:mapSearchDmdJointSub
// 800202C8:mapSetPolygonVtxDesc
// 8002048C:mapSetPolygon
// 800208C0:mapSetMaterialLight
// 80020E3C:mapResetPaperAmbColor
// 80020E48:mapSetPaperAmbColor
// 80020E54:mapSetMaterial
// 80021468:mapSetTextureMatrix
// 800217C8:mapSetMaterialFog
// 80021860:mapSetMaterialLastStageBlend
// 80021B80:mapSetMaterialTev
// 8002493C:mapSetLight
// 80024B08:mapDisp
// 8002532C:mapDispMapGrp_bbox
// 8002538C:mapDispMapObj_bbox
// 800254D4:_mapDispMapGrp_NoMaterial
// 8002592C:_mapDispMapObj_NoMaterial
// 80025A4C:test_kururing_mapdisp
// 80025AE8:mapDispMapGrp_off
// 80025B60:mapDispMapObj_off
// 80025BD8:mapDispMapGrp
// 80025BF8:mapDispMapObj
// 80025C18:_mapDispMapGrp
// 80025F8C:_mapDispMapObj
// 80026BB8:mapMain
// 80028130:mapReCalcMatrix
// 80028550:mapCalcAnimMatrix
// 8002892C:bmapLoad
// 80028AA8:bmapUnLoad
// 80028D08:mapLoad
// 80028D70:mapPreLoad
// 80028D78:mapUnLoad
// 80028F18:_mapLoad
// 80029AF8:mapSetPlayRate
// 80029BB4:mapReStartAnimationAll
// 80029C14:mapPauseAnimationAll
// 80029C74:mapReStartAnimation
// 80029D2C:mapPauseAnimation
// 80029DE4:mapPlayAnimationLv
// 8002A050:mapCheckAnimation
// 8002A180:mapSearchAnmObj
// 8002A228:makeDisplayList
// 8002A46C:mapEntry
// 8002A508:mapEntrySub
// 8002A780:_mapEnt
// 8002AD08:mapBuildTexture
// 8002AF18:mapInit
// 8002AF5C:mapGetBoundingBox
// 8002B120:mapGetJoints
// 8002B16C:mapGetJointsSub
// 8002B430:mapGetActiveGroup
8002B438:mapGetWork
// 8002B44C:N_mapDispOn
// 8002B458:N_mapDispOff
// 8002B464:getMapDataDvdRoot
// 8002B46C:mapErrorEntry

// seqdrv.o
// text
8002E1E4:seqCheckSeq
8002E200:seqGetNextSeq
8002E208:seqGetPrevSeq
8002E210:seqGetSeq
8002E218:seqSetSeq
8002E228:seqMain
8002E304:seqInit_MARIOSTORY
// data
8041E780:seqWork

// DEMOInit.o
// text
// 8002E340:__DEMODiagnoseHang
// 8002E558:__NoHangDoneRender
// 8002E9A4:__NoHangRetraceCallback
// 8002EA40:DEMOEnableGPHangWorkaround
8002EB28:L_DEMOGetCurrentBuffer
// 8002EB30:DEMOGetRenderModeObj
// 8002EB38:DEMODoneRender
// 8002EC1C:DEMOBeforeRender
// 8002ED08:DEMOInit
// data
8041E7C0:DemoCurrentBuffer
8041E7C4:DemoFrameBuffer2
8041E7C8:DemoFrameBuffer1

// DEMOPad.o
// text
8002F03C:DEMOPadInit
8002F0C4:DEMOPadRead
// 8002F184:DEMOPadCopy
// data
803CA398:DemoPad
8041E7D0:Pad

// memory.o
// text
// unused:smartGetWorkPtr
8002F33C:smartTexObj
8002F378:smartGarbage
8002F540:smartAlloc
8002F878:smartFree
8002F9CC:smartAutoFree
8002FA70:L_smartReInit
8002FBE0:smartInit
// unused:_mapAllocDump
8002FDC4:_mapFree
8002FE60:_mapAllocTail
8002FF58:_mapAlloc
800300C4:__memFree
800300F0:__memAlloc
80030154:memClear
80030218:memInit
// data
804151B8:size_table
804151E0:_smartWorkPtr
8041E808:mapalloc_base_ptr
8041E80C:R_battlemapalloc_base_ptr
8041E814:R_battlemapalloc_size
8041E818:mapalloc_size
8041E81C:heapEnd
8041E830:heapStart
8041E844:heapHandle

// evtmgr.o
80035A28:evtGetPtrID
80035A88:evtGetPtr
80035AC4:evtStartOther
80035B4C:evtStopOther
80035BD4:evtStartAll
80035C68:evtStopAll
80035CFC:evtStartID
80035D9C:evtStopID
80035E3C:evtStart
80036210:evtStop
800365E4:evtSetType
800365EC:evtSetSpeed
800365FC:evtSetPri
80036604:evtCheckID
80036664:evtDeleteID
80036700:evtDelete
800368D0:evtmgrMain
80036ABC:evtRestart
80036C04:evtBrotherEntry
80036EEC:evtChildEntry
80037220:evtEntryType
800374AC:evtEntry
// 80037738:evtEntryRunCheck
800377B0:evtmgrReInit
8003781C:evtmgrInit
// 80037934:make_pri_table
80037A60:evtGetWork

// evt_map.o
80037C8C:N_evt_mapdisp_onoff
80037CCC:evt_map_replace_mapobj
80037DA4:evt_map_entry_airport_harbor
80037F40:check2
80037FCC:check
80038058:evt_map_get_flush_color
800380EC:evt_map_set_flush_color
800381B4:evt_map_set_flush_onoff
80038250:evt_map_set_tevcallback
800382B0:evt_mapobj_get_position
8003837C:evt_mapobj_clear_offscreen
800383E0:evt_mapobj_set_offscreen
80038468:evt_mapobj_flag_onoff
80038510:evt_map_set_playrate
80038568:evt_map_replayanim
800385CC:evt_map_pauseanim
80038630:evt_map_checkanim
800386A8:evt_map_playanim
80038724:evt_mapobj_color
80038814:evt_map_blend_set_mobj_flag
800388B0:evt_map_blend_set_flag
80038A88:evt_map_blend_off
80038AC8:evt_map_set_blend
80038B9C:evt_map_fog_onoff
80038BDC:evt_map_get_fog
80038C88:evt_map_set_fog
80038D68:evt_mapobj_scale
80038E38:evt_mapobj_rotate
80038F08:evt_mapobj_trans

// mapdata.o
// text
80038FD8:relSetBtlAddr
80039088:relSetEvtAddr
800391E0:areaDataPtr
80039278:mapDataPtr
// data
803057E4:worldData

// animdrv.o
// 800393C4:animPoseGetGroupName
// 80039400:animPoseGetGroupIdx
// 800394AC:animPoseGetShapeIdx
// 80039558:animPoseDrawShape
// 800397F0:animPoseSetDispCallBack
// 8003980C:animPoseGetVivianType
// 80039824:animPoseVivianMain
// 8003985C:animPoseWorldMatrixEvalOn
// 80039914:L_animPoseWorldPositionEvalOff
// 8003996C:animPoseWorldPositionEvalOn
// 80039A24:evalProc
// 80039C0C:animPoseTestXLU
// 80039C44:animPoseGetCurrentAnim
// 80039C84:animPoseGetAnimBaseDataPtr
// 80039CB4:animPoseGetAnimDataPtr
// 80039CF8:animPoseGetAnimPosePtr
// 80039D0C:animGroupBaseAsync
// 80039E40:animSetPaperTexMtx
// 80039F0C:animPoseDisp_MakeExtTexture
// 8003A690:animPaperPoseDispSub
// 8003AFB0:animPaperPoseDisp
// 8003B028:animPoseAutoRelease
// 8003B1F4:animPaperPoseRelease
// 8003B2D0:animPoseRelease
// 8003B464:animSetPaperTexObj
// 8003B4D8:animPoseDrawMtx
// 8003BC68:_animPoseDrawMtx
// 8003C450:animPoseDraw
// 8003C4BC:dispProc
// 8003C884:renderProc
// 8003D60C:materialProc
// 8003DCFC:animSetMaterial_Texture
// 8003E2A8:pushGXModelMtx_JointNode__
// 8003E7EC:pushGXModelMtx_TransformNode__
8003ED2C:animPoseMain
// 8004066C:animPoseGetMaterialEvtColor
// 80040684:animPoseGetMaterialLightFlag
// 8004069C:animPoseGetMaterialFlag
// 800406B4:animPoseSetMaterialEvtColor
// 800406D0:animPoseSetMaterialLightFlagOff
// 800406F0:animPoseSetMaterialLightFlagOn
// 80040710:animPoseSetMaterialFlagOff
// 80040730:animPoseSetMaterialFlagOn
// 80040750:animPoseGetPeraEnd
// 8004079C:animPoseGetLoopTimes
// 800407B4:animPoseGetHeight
// 80040818:animPoseGetRadius
// 8004087C:animPoseSetGXFunc
// 80040898:animPoseSetEffectAnim
// 80040A28:animPoseSetEffect
// 80040CA4:animPoseSetPaperAnim
// 80040E04:animPoseSetPaperAnimGroup
// 8004108C:animPaperPoseGetId
// 80041170:animPoseSetAnim
// 800412EC:animPoseSetStartTime
// 8004130C:animPoseSetLocalTime
// 8004142C:animPoseSetLocalTimeRate
// 80041444:animPosePaperPeraOff
// 8004146C:animPosePaperPeraOn
// 800414B0:animPosePeraOff
// 800414CC:animPosePeraOn
// 800414E8:animEffectAsync
// 80041620:animPaperPoseEntry
// 8004176C:animPoseEntry
// 80041C58:animPoseBattleInit
// 80041C84:animPoseRefresh
// 80041EE0:animPose_AllocBuffer
// 8004281C:animMain
// 80042854:animInit
// 80042AC8:testAlloc
// 80042E5C:initTestHeap
// 80042EA8:animTimeGetTime
// 80042F30:animGetPtr

// npcdrv.o
// text
80042F38:N_fbatPreventMarioEventChk
80042F6C:npcCheckBlow
800430AC:npcCalcScore
800431B4:fbatSandersBombTriggerOn
800431C8:npcKoopaModeMobjBoundDeadCheck
80043290:npcKoopaModeEncountCheck
8004340C:npcClearDeadInfo
80043440:npcGetBackItemEntry
// 800434DC:_majinai_effect
// 80043594:_check
80043604:npcExecAllReglEvt
800436C4:npcWaitAllInitEvtEnd
80043798:npcExecAllInitEvt
80043864:dbGetDefData
800438D4:npcSetLink
800438E0:npcSetSlave
800438F4:npcSetBtlSetupWork
80043904:npcGetBtlSetupWork
80043914:npcBlurOff
800439B8:npcBlurOn
80043AD4:npcSetColor
80043B60:npcStartForOneEvent
80043BC8:npcStartForEvent
80043C78:npcStopForOneEvent
80043CD8:npcStopForEvent
80043D80:npcSetBattleInfo
80043E78:npcSetupBattleInfo
800440F8:npcCheckInterrupt
// 8004432C:_npcHitCheckHammerAllMotion
// 800446B4:_npcHitCheckSphere
8004482C:fbatHitCheck
80046604:fbatHitCheckAll
8004662C:fbatNpcTalkCheck
8004668C:npcGroupDead
// 800466D0:_npcGroupDead
// 80046A2C:_npcDead
80046A78:fbatBattleMode
800470DC:fbatTalkMode
8004727C:fbatEncountCheck
// 80047DFC:_fbatFirstAttackAnnouceDisp
80048180:fbatSetAttackAnnounceEnable
80048194:fbatSetAttackAnnounce
8004828C:fbatChangeMode
8004829C:fbatGetPointer
800482A8:npcNearDistCheck
80048418:npcHitCheckSide
80048D30:npcTransRytoFaceDir
80048D6C:npcTuningRy
// 80048D9C:npcMoveG
// 800490CC:npcCheckHitMarioSide
80049644:npcSetStayPose
8004979C:npcSetTalkPose
800498F4:npcSetMarioAutoTalkPose
80049934:npcNameToPtr_NoAssert
800499E0:npcNameToPtr
80049A7C:npcMain
8004B420:npcDeleteGroup
// 8004B464:_npcDeleteGroup
8004B708:npcDelete
8004B828:npcGetTribe
8004B894:npcEntry
8004BAE4:npcGetReactionOfLivingBody
8004BAFC:npcReset
8004BB70:npcInit
// 8004BC3C:npcDisp_blur
// 8004BF28:npcDisp_offscreen
// 8004C234:npcDisp_offscreen_xlu
// 8004C50C:npcDisp
// 8004C7E0:npcDisp_xlu
// 8004CA80:mtx_setup
8004CD38:npcRecoveryFiledNpc
8004CE58:npcReleaseFiledNpc
8004CF6C:npcGetWorkPtr
// data
8041E8B4:npcWork

// mario.o
// text
800561B8:toFrontPose
800566CC:toRearPose
80056BE0:marioDisp
8005710C:marioDispBlur
80057290:marioDispBlurSub
80057878:marioPreDisp
80057CFC:marioRearAnime
800583A8:marioMakeDispDir
80058908:marioGetScale
80058928:marioChkInScreen
80058960:marioGetScreenPos
800589E4:marioPaperLightOff
// unused:marioPaperLightOn
80058A10:marioPaperOff
80058A90:marioPaperOn
80058BA8:marioSetPaperAnimeLocalTime
80058C68:marioChgPaper
80058CF0:marioChgPoseTime
80058D84:marioChgPose
80058F9C:toDotMarioPose
80059124:marioChgEvtPose
800593FC:marioAnimeId
8005942C:marioChkPushAnime
800594A8:marioMoveMain
80059A78:marioMove
8005A634:marioCtrlOff2Main
8005A7E0:marioMain
8005B1D8:marioReInit
8005B5C8:marioInit
8005BA50:marioPoseInit
8005BAE8:marioSoundInit
8005BB08:marioOfsRotReset
8005BB78:marioReset
8005BDA0:marioResetHitObj
8005BF3C:marioChkSts
8005BFDC:marioBgmodeOff
8005C0A0:marioBgmodeOn
8005C164:marioBgmodeChk
8005C174:marioSetMutekiTime
8005C1C0:marioKeyOn
8005C1F4:marioKeyOff
8005C21C:marioCtrlOn2
8005C25C:marioCtrlOff2
8005C290:marioCtrlOn
8005C2C4:marioCtrlOff
8005C2EC:marioKeyOffChk
8005C2FC:marioCtrlOffChk
8005C30C:marioFBattlePost
8005C3CC:marioFBattlePrepare
8005C438:N_marioChkUseParty
8005C464:marioChkCtrl
8005C47C:marioChkKey
8005C5B8:marioCheckMenuDisable
8005CA58:marioCaseEventValidChk
8005CA98:marioItemGetOk
8005CAAC:marioItemGetChk
8005CAE8:marioItemGetDisable
8005CB04:marioEntry
8005CDA8:marioSetSpec
8005CE40:marioSetFamicomMode
8005D740:marioSetCharMode
8005E0B0:marioGetColor
8005E0C0:marioGetPtr
// data
// 8041FE88:mario_str_Z_1
// 8041FE8C:mario_str_S_1
// 8041FE90:mario_str_W_1
// 8041FE94:mario_str_R_1
// 8041FE98:mario_str_U_1
// 8041FE9C:mario_str_J_1
// 8041FEA8:mario_str_S_2
// 8041FEBC:mario_str_U_2
// 8041FEC0:mario_str_J_2
// 8041FECC:mario_str_S_3
// 8041FEE0:mario_str_U_3
// 8041FEE4:mario_str_J_3
// 8041FEF0:mario_str_S_4
// 8041FF04:mario_str_U_4
// 8041FF08:mario_str_J_4
// 8041FF0C:mario_dat
// 80420000:mario_float_1p2
// 80420004:mario_float_2
// 80420008:mario_float_1
// 8042000C:mario_float_neg1
// 80420010:mario_float_90
// 80420014:mario_float_270
// 80420018:mario_float_deg2rad
// 8042001C:mario_float_180
// 80420020:mario_float_0
// 80420024:mario_float_0p75
// 80420028:mario_float_6p2832
// 8042002C:mario_float_360
// 80420030:mario_float_3p1416
// 80420034:mario_float_1p5708
// 80420038:mario_float_4p7124
// 8042003C:mario_float_5000
// 80420040:mario_float_10000
// 80420044:mario_float_13p333
// 80420048:mario_float_30
// 8042004C:mario_float_14
// 80420050:mario_float_6
// 80420054:mario_float_0p6
// 80420058:mario_float_neg2
// 8042005C:mario_float_0p1
// 80420060:mario_float_290
// 80420064:mario_float_70
// 80420068:mario_float_0p5
// 8042006C:mario_float_250
// 80420070:mario_float_190
// 80420074:mario_float_350
// 80420078:mario_float_10
// 8042007C:mario_float_170
// 80420080:mario_float_0p3
80420084:mario_float_0p125
80420088:mario_float_20
8042008C:mario_float_210
// 80420090:mario_float_200
// 804200A4:mario_float_0p015
// 804200A8:mario_float_0p01
// 804200AC:mario_float_0p25
// 804200B0:mario_float_0p4
// 804200B4:mario_float_400
// 804200B8:mario_float_2p25
// 804200BC:mario_float_47
// 804200C0:mario_float_37
// 804200C4:mario_float_25p9
// 804200D0:mario_str_T_1

// effdrv.o
// text
// 8005E0C8:effDrawMayaPoly
// 8005E288:effCalcMayaAnim
// 8005E3DC:effPlayMayaAnim
// 8005E468:effDeleteMayaAnim
// 8005E490:effMayaAnimAlloc
// 8005E4F4:effCalcMayaAnimMatrix
// 8005E8A0:effGetSet
// 8005E928:effNameToPtr
// 8005E9C0:effSoftDelete
// 8005EA30:effDelete
// 8005EA7C:effMain
// 8005EBEC:effSetName
// 8005EC68:effEntry
// 8005ECD0:effAutoRelease
// 8005ED58:effGetTexObj
// 8005EE0C:effTexSetup
// 8005EF20:effInit
// 8005EFA8:_callback_tpl
// data
80415EE0:_effWorkPtr

// mariost.o
// text
// unused:gcResetDone
// unused:gcResetCheck
8006EDBC:L_gcResetCheck
8006EED8:gcRumbleCheck
// unused:gcDvdCheckCancel
// unused:gcDvdCheckInit
8006F1E0:gcDvdCheckThread
8006F404:viPostCallback
8006F7BC:marioStGetSystemLevel
8006F7C8:marioStSystemLevel
8006F8DC:marioStDisp
8006F904:marioStMain
8006FB3C:marioStInit
8025DE70:N_systemErrorHandler
// 8025E4AC:N_setupErrorHandler
// data
80415FD0:_globalWorkPtr
8041E940:_mariostSystemLevel

// seq_battle.o
// 800736EC:battle_exit
800738AC:battle_init
// 80073B24:seq_battleMain
// 80073F00:seq_battleExit
// 80073F20:seq_battleInit

// fontmgr.o
// unused:JUTFont_Draw
// unused:JUTFont_DrawPos
80074720:_JUTFont_DrawPos
80074BFC:JUTFont_DrawStart
// unused:JUTFont_GetWidth
// unused:JUTFont_GetWidthEntry
80074E90:JUTFont_CodeToGlyph
// unused:JUTFont_Free
80075004:JUTFontSetup
// unused:JUTFont_SetWidth
800752FC:HSV2RGB
80075528:FontGetMessageWidth
8007554C:FontGetMessageWidthLine
8007586C:kanjiGetWidth
800758E4:kanjiSearch
80075904:hankakuSearch
80075928:FontDrawMessageMtx
80075FCC:FontDrawMessage
800766E0:FontDrawStringShake
80076A10:FontDrawStringCenterMtx
// unused:FontDrawStringCenter
80076CDC:FontDrawStringMtx
80077034:FontDrawStringVecPitch
80077368:FontDrawStringPitch
// unused:FontDrawStringVec
800773D0:FontDrawString
80077438:FontDrawCodeMtx
80077594:FontDrawCode
8007773C:FontDrawScaleVec
80077758:FontDrawScale
8007776C:FontGetDrawColor
80077774:FontDrawColor_
800777E0:FontDrawColor
80077844:FontDrawColorIDX
800778B4:FontDrawNoiseOff
800778E0:FontDrawNoise
800779E4:FontDrawRainbowColorOff
80077A08:FontDrawRainbowColor
80077AA8:FontDrawEdgeOff
80077AB4:FontDrawEdge
80077AC0:FontDrawStart_alpha
80077B4C:FontDrawStart
80077BDC:fontmgrTexSetup
80077C08:fontmgrInit

// evt_bero.o
// 80078A74:evt_camera_change_event_from_road
// 80078C1C:evt_bero_1stcheck
// 80078C90:evt_bero_mario_go_wait
// 80078CAC:evt_bero_mario_go
// 80078CBC:evt_bero_mario_go_init
// 80078CCC:evt_bero_cam_shift_init
// 80078CF4:evt_bero_cam3d_change
// 80078E08:evt_bero_overwrite
// 80078EE8:evt_bero_move_mario_speed
// 80079198:evt_bero_disppos_load
// 800791EC:evt_bero_disppos_save
// 80079230:evt_bero_case_id_load
// 8007928C:evt_bero_case_id_save
// 800792EC:evt_bero_get_number
// 800793AC:evt_bero_switch_off
// 800794B0:evt_bero_switch_on
// 800795B4:bero_set_disp_position_pipe
// 80079684:bero_get_position_pipe2
// 800797D0:bero_get_position_pipe_pure
// 800798B8:bero_get_position_pipe_sub
// 80079B74:bero_get_position_normal
// 80079E84:evt_bero_get_info_num
// 8007A088:evt_bero_id_filter
// 8007A154:evt_bero_read_mario_pera
// 8007A214:evt_bero_get_into_info
8007A50C:evt_bero_get_info
// 8007A60C:evt_bero_get_now_number
// 8007A63C:evt_bero_set_now_number
// 8007A66C:evt_bero_get_info_nextarea
// 8007A6E4:evt_bero_get_info_kinddir
// 8007A76C:evt_bero_get_info_length
// 8007A860:evt_bero_get_info_anime
// 8007A8F8:evt_bero_get_end_position
// 8007A95C:evt_bero_get_start_position
// 8007A9C0:evt_bero_exec_wait
// 8007AA04:evt_bero_exec_get
// 8007AA34:evt_bero_exec_onoff
// 8007AA9C:evt_bero_get_entername
// 8007AAD0:evt_bero_mapchange
// 8007AB44:bero_id_filter
// 8007ABE8:bero_clear_Offset
// 8007ABFC:bero_get_ptr
// 8007AC08:bero_get_BeroEZ
// 8007AC10:bero_get_BeroEY
// 8007AC18:bero_get_BeroEX
// 8007AC20:bero_get_BeroSZ
// 8007AC28:bero_get_BeroSY
// 8007AC30:bero_get_BeroSX
// 8007AC38:bero_get_BeroNUM
// 8007AC40:bero_get_BeroEXEC
// 8007AC48:N_evt_bero_set_mario_bottomless_respawn_pos_to_current_mario_pos
// 8007AC7C:N_evt_bero_set_mario_bottomless_respawn_pos_on_bero_entry

// windowdrv.o
// 8007AD30:getWakuTexObj
// 8007AD40:windowGetPointer
// 8007AD50:windowCheckID
// 8007AD68:windowDispGX2_Waku_col
8007B44C:windowDispGX_Waku_col
// 8007BAD8:windowDispGX_Message
// 8007BDA8:_windowDispGX_Message
// 8007D994:windowDispGX_System
// 8007E9F0:windowDispGX_Kanban
// 8007F9EC:windowMain
// 8007FA54:windowDeleteID
// 8007FAC0:windowDelete
// 8007FB0C:windowEntry
// 8007FB94:windowReInit
8007FBD8:windowTexSetup
// 8007FD84:windowInit

// msgdrv.o
// 8007FDF4:selectWindow_Disp
// 8007FF3C:selectWindow_Main
// 80080260:msgWindow_Disp
// 8008093C:msgWindow_Clear_Main
// 80080C20:msgWindow_Main
// 80081424:msgWindow_ForceClose
// 800814F4:msgWindow_Repeat
// 8008156C:msgWindow_Continue
// 800815BC:msgWindow_Add
// 80081630:msgWindow_Delete
// 80081688:msgWindow_Entry
// 80081A1C:msgIconStr2ID
// 80081AA0:msgGetCommand
80081B40:_ismbblead
80081B8C:msgSearch
// 80081C6C:msg_compare
// 80081CB4:L_msgGetWork
// 80081CBC:msgAnalize
// 80083360:msgDispKeyWait_render
// 800833E0:msgDisp
// 80083F34:msgMain
// 8008465C:msgLoad
// 80084938:msgInit

// database.o
80084F24:setupDataBase
8008558C:setupDataCheck
80085648:setupDataLoad

// swdrv.o
80085744:_swByteGet
80085754:_swByteSet
80085764:_swClear
800857A4:_swGet
800857EC:_swSet
8008582C:swByteGet
80085850:swByteSet
80085874:swClear
800858B4:swGet
800858FC:swSet
// 8008593C:swReInit
80085980:swInit

// seq_logo.o
// 800859F8:progDisp
// unused:arcLoad
// unused:arcPreLoad
// 80085F28:dummy_draw
// 80085FE0:logoDisp
80086D6C:seq_logoMain
8008746C:seq_logoExit
800874B0:seq_logoInit

// mario_hit.o
// text
// 80087FF8:marioCheckWallShip
// 800882F4:marioSlitChkWallAround
// 800888D0:marioChkWallAround
// 8008926C:marioChkFrontStep
// 8008986C:N_dou10_yoko_yari3
// 80089AAC:dou10_yoko_yari2
// 80089E94:dou10_yoko_yari
// 8008A2F0:searchFrontWall
// 8008AC54:marioChkFront
// 8008AF78:marioCheckWall_roll
// 8008B4D8:marioSearchFrontWall_staying
// 8008B790:marioCheckWall
// 8008BA3C:marioSearchHead_jabara
// 8008BC70:marioSearchHead_roll
// 8008C1A8:marioSearchHead
// 8008C794:marioChkOverheadJabara
// 8008C904:marioChkOverhead
// 8008CDA8:marioChkLandon2
// 8008D4A0:marioLandonChk_old
// 8008DC70:marioChkLandon
// 8008DD04:marioChkToge
// 8008DE0C:marioSearchGroundRoll
// 8008E694:marioSearchGround
// 8008F0E4:marioChkGnd2
// 8008F248:marioChkGnd
// 8008FFBC:searchUnder2
// 8009023C:marioSearchUnder
// 800904A8:marioChkBero
// 80090514:clear_hitobj_ride
// 8009054C:marioHitCheck2
// 80090E80:marioHitCheck
// 800911A4:marioHitCheckVec
// 80091434:chkfilterVecVivian
// 80091504:chkfilterVecRoll
// 800915E4:chkfilterVec
// 800916C4:chkFilterAttr2
// 800916F0:marioHitCheckWidth
// data
// 804208A8:mario_hit_float_1000
// 804208AC:mario_hit_float_0
// 804208B0:mario_hit_float_4
// 804208B4:mario_hit_float_11
// 804208B8:mario_hit_float_13
// 804208BC:mario_hit_float_45
// 804208C0:mario_hit_float_5
// 804208C4:mario_hit_float_1
// 804208C8:mario_hit_float_360
// 804208CC:mario_hit_float_0p5
// 804208D0:mario_hit_float_neg0p5
// 804208D4:mario_hit_float_180
// 804208D8:mario_hit_float_0p125
// 804208DC:mario_hit_float_0p25
804208E0:mario_hit_float_0p75
804208E4:mario_hit_float_neg1
// 804208E8:mario_hit_float_3p1416
// 804208EC:mario_hit_float_0p1
// 804208F0:mario_hit_float_2
// 804208F4:mario_hit_float_18p5
// 804208F8:mario_hit_float_3
// 804208FC:mario_hit_float_0p265
// 80420900:mario_hit_float_100
// 80420904:mario_hit_float_10
// 80420908:mario_hit_float_40
// 8042090C:mario_hit_float_neg10
// 80420910:mario_hit_float_60
// 80420914:mario_hit_float_0p8
// 80420918:mario_hit_float_20
// 8042091C:mario_hit_float_8
// 80420920:mario_hit_float_270
// 80420924:mario_hit_float_90
// 80420928:mario_hit_float_30
// 8042092C:mario_hit_float_26p64
// 80420930:mario_hit_float_12
// 80420934:mario_hit_float_7
// 80420938:mario_hit_float_16p8
// 80420944:mario_hit_float_neg23p7
// 80420948:mario_hit_float_5p8
// 8042094C:mario_hit_float_9
// 80420950:mario_hit_float_75
// 80420954:mario_hit_float_50
// 80420958:mario_hit_float_0p05
// 8042095C:mario_hit_float_47
// 80420960:mario_hit_float_18
// 80420964:mario_hit_float_0p01
// 80420968:mario_hit_float_neg10000
// 8042096C:mario_hit_float_8p64
// 80420970:mario_hit_float_105
// 80420974:mario_hit_float_0p425
// 80420978:mario_hit_float_0p375
// 8042097C:mario_hit_float_37
// 80420980:mario_hit_float_neg3000
// 80420984:mario_hit_float_5000
// 80420988:mario_hit_float_neg0p4
// 8042098C:mario_hit_float_neg0p06
// 80420990:mario_hit_float_neg0p04
// 80420994:mario_hit_float_neg0p02
// 80420998:mario_hit_float_1037
// 8042099C:mario_hit_float_6

// mario_motion.o
// 80091904:mot_bottomless
// 80091E24:mot_dummy
// 80091E44:mot_partyUse
// 80091E64:mot_shadow
// 80091FA8:mot_kaze
// 800921EC:marioChgMotJump2
// 800922C4:marioRollChgChk
// 80092450:L_marioChkRub
// 80092458:marioChkItemMotion
// 80092624:marioChkTransform
// 80092814:marioChkJump
// 80092A3C:mot_getItem
// 80092A94:mot_talk
// 80092C94:marioLandOn
// 80093910:marioFall
// 80093D38:marioJump
// 80094020:marioMakeJumpPara
// 80094098:marioGetFallSpd
// 8009412C:marioSetFallPara
// 800941BC:marioSetJumpPara
// 800943A8:marioClearJumpPara
// 800943DC:marioChgMot2
// 80094454:marioChgMotSub
8009455C:marioChgMot
// 8009461C:marioMotion
// 80094680:marioBoots
// 80094830:marioChkTalkable
// 800948EC:marioChkItemGetMotion
// 8009497C:marioChgSmallJumpMotion
// 80094A88:marioChgJumpStandMotion
// 80094C40:marioChgRollMotion
80094C70:marioChgShipMotion
// 80094C90:marioChgGetItemMotion
// 80094D90:marioChgTalkMotion
80094E48:marioChgStayMotion
// 80094F28:marioChgMoveMotion

// mot_slit.o
// text
// 800A42F8:mot_slit
// 800A5BA4:marioReInit_slit
// 800A5D08:marioForceSlitAnime
// 800A5D6C:mot_slit_post
// 800A5F38:marioSlitForceCancel
// 800A601C:marioGetMotSlitCancel3
// 800A6080:motSlitCancel3
// 800A60B4:motSlitCancel2
// 800A60F8:motSlitCancel
// 800A612C:marioChkSlitEnd
// 800A6178:motSlitContinue
// 800A61B0:marioChkSlitThrouhEnd
// 800A6204:marioChkSlitThrouh
// 800A6258:marioGetSlitFloorPos
// 800A62B4:marioClearSlitFloor
// 800A62DC:marioCreviceWallChk
// 800A67D4:U_marioSlitContinueChk
// 800A68E8:marioSlitKeyDisable
// 800A6954:marioSlitButton
// 800A6A08:marioSlitAbilityChk
// 800A6A88:N_marioSlitSetAfterLand
// data
// 80420F98:mot_slit_dat
// 80420F9C:mot_slit_float_0
// 80420FA8:mot_slit_float_180
// 80420FB4:mot_slit_float_6
// 80420FB8:mot_slit_float_270
// 80420FBC:mot_slit_float_0p004
// 80420FC8:mot_slit_float_260
// 80420FCC:mot_slit_float_280
// 80420FD8:mot_slit_float_0p5
// 80420FDC:mot_slit_float_315
// 80420FE0:mot_slit_float_45
// 80420FE4:mot_slit_float_135
// 80420FE8:mot_slit_float_225
// 80420FEC:mot_slit_float_90
80420FF0:mot_slit_float_11
80420FF4:mot_slit_float_20
// 80420FF8:mot_slit_float_1
// 80420FFC:mot_slit_float_2
// 80421000:mot_slit_float_10

// itemdrv.o
// text
// 800AA4FC:itemPickUp
// 800AA530:itemStatus
// 800AA53C:itemStatusOn
// 800AA54C:itemFlag
// 800AA55C:itemFlagOff
// 800AA56C:itemFlagOn
// 800AA57C:itemNokoForceGet
// 800AA62C:itemForceGet
// 800AA660:itemHitCheckSide
// 800AAB24:itemSetPosition
// 800AAB34:itemseq_Bound
// 800AB930:itemseq_GetItem
// 800ACC54:winFullDisp
// 800ACD5C:winHelpDisp
// 800ACDC8:winHelpMain
// 800ACDE8:winNameDisp2
// 800ACF34:winNameDisp
// 800AD0E8:itemNearDistCheck
// 800AD2AC:itemHitCheck
// 800AD658:itemNameToPtr
// 800AD6F4:itemDelete
800AD7F0:itemEntry
// 800ADFD0:itemModeChange
// 800ADFE0:itemMain
// 800AE67C:N_itemPickUpFromFieldCheck
// 800AE6DC:itemGetNokoCheck
// 800AE870:itemGetCheck
// 800AEAAC:itemCoinDrop
// 800AEB20:itemReInit
// 800AEC18:itemInit
// data
803DC290:itemDrvWork

// cardmgr.o
// text
// 800AECB0:memcard_open
// 800AF004:statusCallback
// 800AF020:readCallback
// 800AF03C:writeCallback
// 800AF058:createCallback
// 800AF074:formatCallback
// 800AF090:checkCallback
// 800AF0AC:mountAttachCallback
// 800AF0E4:mountDetachCallback
// 800AF0E8:cardFormat
// 800AF148:create_main
// 800AF9BC:cardCreate
// 800AFA2C:read_all_main
// 800B04BC:cardReadAll
// 800B0524:read_main
// 800B0DBC:write_header_main
// 800B1174:cardWriteHeader
// 800B139C:write_main
// 800B1E7C:cardWrite
// 800B2168:cardCopy
// 800B2208:cardErase
// 800B2388:cardCopy2Main
// 800B2508:cardMain
// 800B2B80:cardGetCode
800B2B8C:cardIsExec
// 800B2C58:cardInit
// 800B3060:cardBufReset
// 800B33E4:cardGetFilePtr
// data
8041EAB8:_cardMgrWorkPtr

// party.o
// 800B713C:partySetFamicomMode
// 800B7530:partyShadowOff
// 800B7548:partyUpdateKeyData
// 800B7650:L_partyClearCont
// 800B7688:partyKeyOff
// 800B768C:partyKeyOn
// 800B7690:partyDisp
// 800B7A98:partyPreDisp
// 800B7DB0:partyMakeDispDir
// 800B80F0:partySetCamId
// 800B80F8:partyInitCamId
// 800B8128:party_damage_return
// 800B865C:partyRideYoshiMain
// 800B8B18:party_ride_yoshi_force_move
// 800B8BA0:party_force_ride_yoshi
// 800B8D38:partyRideMain
// 800B98EC:partyRideChk
// 800B9928:allPartyRideOff2
// 800B99EC:allPartyRideOff
// 800B9AB0:L_allPartyRideOn
// 800B9B2C:allPartyForceRideOn
// 800B9C00:getRidePos
// 800B9E80:allPartyRideShip
// 800B9F0C:allPartyRidePlane
// 800B9F98:partyDokanEnd
// 800BA05C:partyDokanMain
// 800BA56C:partyDokanInit
// 800BAF5C:partyGoodbyeMain
// 800BB478:partyGoodbyeInit
// 800BB544:partyHelloMain
// 800BBC48:partyHello
// 800BBDDC:partyDoWork
// 800BBE84:driveParty
// 800BC574:partyMain
// 800BCAB0:N_partyForceChgRunMode
// 800BCB2C:partyChgRunMode
// 800BCB98:N__partyChgRunMode
// 800BCF34:partyUsePost
// 800BCF90:partyReInit
// 800BD6AC:partyInit
// 800BD6D8:partyEntry2Pos
800BDAA8:partyEntry2Hello
// 800BDDD0:partyEntry2
// 800BE144:partyEntryMain
// 800BE4C4:partyGetHeight
// 800BE4F4:yoshiSetColor
800BE594:partyKill2
// 800BE69C:partyKill
// 800BE7FC:partyGoodbye
// 800BE84C:partyEntryPos
// 800BEA68:partyEntry
// 800BEC20:partyEntryHello
// 800BEC70:partySetForceMove
// 800BECB8:partyStop
800BECDC:partyRun
// 800BED0C:partyCtrlOn
// 800BED44:partyCtrlOff
// 800BED7C:partyChgPaper
// 800BEDEC:partyChgPose
// 800BEE68:partyChgPoseId
// 800BEFCC:partyPaperLightOff
// 800BEFF4:partyPaperOff
// 800BF070:partyPaperOn
// 800BF190:anotherPartyGetPtr
800BF1B4:partyGetPtr

// mario_pouch.o
800D2DB4:pouchGetYoshiName
800D2DFC:pouchSetYoshiName
800D2E28:pouchSetPartyColor
800D2E44:pouchGetPartyColor
// 800D2E58:pouchCheckMail
// 800D2EB4:pouchOpenMail
// 800D2EF4:pouchReceiveMail
// 800D300C:pouchReceiveMailCount
800D30E0:pouchGetStarStone
// 800D3154:pouchAddKpaScore
// 800D3184:pouchGetKpaScore
// 800D3190:pouchAddKpaCoin
// 800D31C8:pouchGetKpaCoin
// 800D31D4:pouchMajinaiInit
// 800D3204:pouchArriveBadge
800D3234:N_pouchUnEquipBadgeID
800D328C:pouchEquipBadgeID
// 800D32E0:pouchEquipCheckBadgeIndex
800D3300:pouchEquipCheckBadge
// 800D33C8:pouchUnEquipBadgeIndex
// 800D33F8:pouchEquipBadgeIndex
// 800D3424:pouchGetStarPoint
800D3430:pouchRevisePartyParam
800D35A8:pouchReviseMarioParam
// 800D3830:pouchRemoveKeepItem
// 800D3964:pouchAddKeepItem
800D3A8C:pouchGetPartyAttackLv
800D3AA0:pouchGetHammerLv
800D3B20:pouchGetJumpLv
// 800D3BA0:pouchSetAudienceNum
// 800D3BAC:pouchGetAudienceNum
800D3BB8:pouchGetMaxAP
800D3BC4:pouchSetAP
// 800D3C00:pouchAddAP
800D3C44:pouchGetAP
// 800D3C50:pouchSetMaxFP
// 800D3C68:pouchSetFP
// 800D3C8C:pouchGetMaxFP
// 800D3C98:pouchGetFP
// 800D3CA4:pouchSetPartyHP
// 800D3CD4:pouchGetPartyHP
// 800D3CE8:pouchSetMaxHP
// 800D3D00:pouchSetHP
// 800D3D24:pouchGetMaxHP
// 800D3D30:pouchGetHP
// 800D3D3C:pouchAddHP
// 800D3D8C:pouchAddStarPiece
800D3DA8:pouchGetStarPiece
// 800D3DB4:pouchSetSuperCoin
// 800D3DC8:pouchGetSuperCoin
// 800D3DD4:pouchSetCoin
// 800D3E18:pouchAddCoin
800D3E64:pouchGetCoin
// 800D3E70:pouchSortItem
// 800D44F8:comp_kind_r
// 800D4540:comp_aiueo_r
// 800D46D4:comp_kind
// 800D471C:comp_aiueo
800D4974:pouchRemoveItemIndex
// 800D4C38:pouchRemoveItem
800D4ED4:pouchCheckItem
800D50CC:pouchGetItem
// 800D5570:pouchGetEmptyKeepItemCnt
// 800D5614:pouchGetEmptyHaveItemCnt
// 800D5674:pouchGetEquipBadgeCnt
800D5738:pouchGetHaveBadgeCnt
// 800D57FC:pouchGetKeepItemCnt
// 800D58A0:pouchGetHaveItemCnt
// 800D5964:pouchEquipBadge
// 800D5978:pouchHaveBadge
// 800D598C:pouchKeepItem
// 800D59A0:pouchHaveItem
// 800D59B4:pouchKeyItem
// 800D59C8:pouchInit
800D5EB0:pouchGetPtr

// pmario_sound.o
// 800D7428:psndENV_LPF
800D7470:psndENVOff_f_d
800D76B8:psndENVOff
800D76E0:psndENVOn_f_d
// 800D7B3C:psndENVOn
// 800D7B64:psndENVMain
// 800D91E8:psndENV_stop
// 800D9558:psndSFX_get_vol
// 800D95A0:psndSFXChk
800D95F8:psndSFXOff
// 800D96C0:psndSFX_dist
// 800D96F8:psndSFX_pos
// 800D9744:psndSFX_pit
// 800D97D0:psndSFX_vol
// 800D9808:psndSFXOnEx_3D
// 800D9848:psndSFXOn_3D
// 800D9884:psndSFXOnVol
// 800D98BC:psndSFXOn
// 800D98F8:psndSFXOn_
// 800D9934:__psndSFXOn
// 800D9E74:psndSFXMain
// 800DAA08:psndBGMPlayTime
// 800DAA98:psndBGMStartCheck
// 800DAAEC:psndBGMScope
// 800DAB44:psndBGMChkSilent
// 800DAB84:psndBGMChk
800DABAC:psndBGMOff_f_d
800DAEFC:psndBGMOff
800DAF24:psndBGMOn_f_d
// 800DB7A0:psndBGMOn
// 800DB7CC:psndBGMMain
// 800DBC60:psndBGM_rate
// 800DBCC4:L_psndBGM_stop
// 800DBDF0:psndSFXAllOff
// 800DBF38:psndMapChange
// 800DC0E8:psndGetFlag
800DC0F8:psndClearFlag
// 800DC110:psndSetFlag
// 800DC19C:psndSetReverb
// 800DC214:psndStopAllFadeOut
// 800DC380:psndSetPosDirListener
// 800DC3A8:psndPushGroup
800DC430:psndExit
800DC460:psndMainInt
// 800DC48C:psndMain
// 800DC4E0:psndInit
// 800DC650:searchPSSFXList
// 800DC6D4:calc3D
// 800DCBC8:angleABf

// sound.o
// 800DCD7C:SoundAIDMACallback
// 800DCE90:SoundSSMainInt
// 800DD2E0:SoundSSMain
// 800DD918:SoundSSMuteOff
// 800DD940:SoundSSMuteOn
// 800DD968:SoundSSCheck
// 800DD980:SoundSSSetPlayFreqCh
// 800DDA54:SoundSSSetSrndPanCh
// 800DDBD8:SoundSSGetVolCh
// 800DDC1C:SoundSSSetVolCh
// 800DDDB4:SoundSSSetPanCh
// 800DDF14:SoundSSContinueCh
// 800DDF54:SoundSSFadeoutCh
// 800DDFF8:SoundSSStopCh
// 800DE104:SoundSSPlayChEx_main
// 800DEAD0:SoundSSPlayChEx
// 800DED7C:SoundSSPlayCh
// 800DEDA0:_sscallback
// 800DF5C4:ssDecodeDPCM
// 800DF7D4:_ssDVDReadAsync_cache_next
// 800DF8E0:_ssDVDReadAsync_cache_aram
// 800DFC64:cache_flush
// 800DFC98:_ssDVDReadAsync_activeChk
// 800E00B0:SoundDVDMain
// 800E047C:SoundEfxMain
// 800E07C0:SoundEfxCheck
// 800E085C:SoundEfxSetLPF
// 800E0904:SoundEfxSetSrndPan
// 800E09DC:SoundEfxSetPan
// 800E0A64:SoundEfxSetAux1
// 800E0ADC:SoundEfxGetVolume
// 800E0AFC:SoundEfxSetVolume
// 800E0BBC:SoundEfxSetPitch
// 800E0C38:SoundEfxStop
800E0CA0:SoundEfxPlayEx
// 800E0F94:SoundSongCheck
// 800E0FD4:SoundSongGetVolCh
// 800E102C:SoundSongSetVolCh
// 800E10B0:SoundSongFadeinCh
// 800E1118:SoundSongFadeoutCh
// 800E1188:SoundSongStopCh
// 800E11E4:SoundSongContinueCh
// 800E124C:SoundSongPlayCh
// 800E1354:SoundCloseCover
// 800E1474:SoundOpenCover
// 800E1494:SoundSetOutputMode
// 800E14CC:SoundDropData
// 800E19F8:SoundSLibLoadDVD
// 800E1D88:SoundLoadDVD2Free
// 800E1DD0:SoundLoadDVD2PushGroup
// 800E1EEC:SoundLoadDVD2
// 800E222C:loadDVD_callback
// 800E22C0:SoundSetFadeTime
// 800E22D4:SoundMainInt
// 800E22F4:SoundMain
// 800E239C:SoundInit
// 800E28D0:sndFree
// 800E28F8:sndMalloc

// evt_mario.o
// 800E2920:evt_mario_paper_plane
// 800E29D8:L_evt_mario_keyon_wait
// 800E2A10:evt_mario_get_name_hitobj_push
// 800E2A80:evt_mario_get_name_hitobj_front
// 800E2AF0:evt_mario_get_name_hitobj_under
// 800E2B60:evt_mario_get_name_hitobj_ride
// 800E2BD0:evt_mario_get_name_hitobj_head
// 800E2C40:evt_mario_dump_item
// 800E2C70:evt_mario_check_key_item
// 800E2CE4:evt_mario_sleep_off
// 800E2D44:evt_mario_sleep_on
// 800E2D70:evt_mario_push
// 800E2DA0:evt_mario_clear_party
// 800E2E0C:evt_mario_kill_party
// 800E2E78:evt_mario_goodbye_party
// 800E2F00:evt_mario_set_prev_party_pos
// 800E3058:evt_mario_set_prev_party
// 800E3120:evt_mario_set_party_pos
// 800E3278:evt_mario_set_party
// 800E332C:evt_mario_hello_exparty_pos
// 800E342C:evt_mario_hello_party
// 800E3514:evt_mario_set_prev_party_dokan
// 800E35F0:evt_mario_party_use_check
// 800E366C:evt_mario_chk_join_party
// 800E36C4:evt_mario_get_exparty
// 800E372C:evt_mario_get_party
// 800E3794:evt_peach_set_condition
// 800E381C:evt_peach_transform_gundan_off
// 800E3840:evt_peach_transform_gundan_on
// 800E3864:evt_koopa_set_level
// 800E3894:evt_koopa_get_level
// 800E38E0:evt_mario_set_mode
// 800E3910:evt_mario_get_mode
// 800E3964:evt_mario_get_state
// 800E39F4:evt_mario_wait_movable
// 800E3A28:evt_mario_wait_move_end
// 800E3A60:evt_koopa_weary
// 800E3AC0:evt_koopa_chk_dead
// 800E3B14:evt_koopa_fire
// 800E3BFC:evt_koopa_hip_attack
// 800E3FD8:evt_mario_check_landon
// 800E40D8:evt_mario_wait_rideon
// 800E41A0:evt_mario_wait_landon
// 800E4268:evt_mario_jump_jumpstand
// 800E4C54:evt_mario_jump_pos
// 800E5154:evt_mario_party_bero_move
// 800E57B8:evt_mario_party_door_move
// 800E5EF8:N_evt_mario_party_door_halve_hitbox
// 800E5F50:evt_mario_mov_pos2
// 800E60D0:evt_mario_mov_pos
// 800E6230:evt_mario_set_force_dir
// 800E62C0:evt_mario_get_pose
// 800E630C:evt_mario_cancel_roll_motion
// 800E6350:evt_mario_set_talk_motion
// 800E6374:evt_mario_chk_hipbump
// 800E63F0:evt_mario_set_motion
// 800E6420:evt_mario_get_motion
// 800E6498:evt_mario_normalize
// 800E6840:evt_mario_set_pose
// 800E6994:evt_mario_set_normal_pose
// 800E6AF8:evt_mario_adjust_dir
// 800E6C28:evt_mario_set_dir_npc
// 800E6CF8:evt_mario_set_dispdir
// 800E6D54:evt_mario_get_dispdir
// 800E6DA8:evt_mario_set_reardir
// 800E6DE8:evt_mario_set_dir
// 800E6FC8:evt_mario_get_dir
// 800E701C:evt_mario_get_mov_spd
// 800E7098:evt_mario_set_mov_spd
// 800E7108:evt_mario_set_hosei_xyz
// 800E7180:evt_mario_set_pos
// 800E71F8:evt_mario_get_pos
// 800E72C0:evt_mario_set_camid
// 800E72F0:evt_mario_init_camid
// 800E7314:evt_mario_cam_y_off
// 800E7338:evt_mario_cam_y_on
// 800E735C:evt_mario_cam_keep_off
// 800E7380:evt_mario_cam_keep_on
// 800E73A4:evt_mario_cam_off
// 800E73C8:evt_mario_cam_on
// 800E73EC:evt_mario_bgmode_off
// 800E7410:evt_mario_bgmode_on
// 800E7434:evt_mario_set_enable_key
800E7474:evt_mario_key_onoff
// 800E74D8:evt_mario_cont_onoff
// 800E7518:evt_mario_trigflag_onoff
// 800E75A8:evt_mario_dispflag_onoff
// 800E7638:evt_mario_flag_onoff
// 800E76C8:evt_mario_balloon_off
// 800E7714:evt_mario_balloon_tenten
// 800E7764:evt_mario_balloon_bikkuri
// 800E77B4:evt_mario_paper_pose_off
// 800E77D8:evt_mario_dokan_end
// 800E7840:evt_mario_paper_pose_dokan
// 800E7E04:evt_mario_dokan_prepare

// event.o
800EBBB8:eventStgNum
800EBBC0:eventStgDtPtr
// 800EBBD4:N_stg9_02_init
// 800EBC00:stg8_15_init
// 800EBC2C:stg8_14_init
// 800EBC58:stg8_13_init
// 800EBC8C:stg8_11_init
// 800EBCB8:stg8_10_init
// 800EBCDC:stg8_06_init
// 800EBE20:stg8_05_init
// 800EBE74:stg8_02_init
// 800EBE98:stg8_01_02_init
// 800EBEBC:stg7_52_init
// 800EBEC0:stg7_51_init
// 800EBF04:stg7_50_init
// 800EBF28:stg7_25_00_init
// 800EBF54:stg7_20_init
// 800EBF78:stg7_19_init
// 800EBFA4:stg7_17_init
// 800EBFF0:stg7_16_init
// 800EC024:stg7_15_room_C_init
// 800EC050:stg7_15_room_B_init
// 800EC07C:stg7_15_room_A_init
// 800EC0A0:stg7_15_init
// 800EC0C4:stg7_11_init
// 800EC0E8:stg7_10_init
// 800EC10C:stg7_06_init
// 800EC130:stg7_04_init
// 800EC154:stg7_03_white_5
// 800EC188:stg7_03_white_4
// 800EC1AC:stg7_03_white_3
// 800EC1D0:stg7_03_white_2
// 800EC1F4:stg7_03_white_1
// 800EC218:stg7_03_white_0
// 800EC254:stg7_01_init
// 800EC278:stg6_end_init02
// 800EC29C:stg6_end_init01
// 800EC2C8:stg6_72_init
// 800EC2CC:stg6_71_01_init
// 800EC338:stg6_70_init
// 800EC364:stg6_56_init
// 800EC388:stg6_54_init
// 800EC3B4:stg6_47_00_init
// 800EC3E0:stg6_44_init
// 800EC40C:stg6_39_init
// 800EC430:stg6_38_init
// 800EC454:stg6_37_init
// 800EC478:stg6_34_init
// 800EC4EC:stg6_33_init
// 800EC510:stg6_32_init
// 800EC534:stg6_30_init
// 800EC558:stg6_29_init
// 800EC57C:stg6_27_init
// 800EC5B0:stg6_24_init
// 800EC5D4:stg6_22_init
// 800EC600:stg6_20_init
// 800EC624:stg6_19_init
// 800EC650:stg6_18_init
// 800EC674:stg6_13_init
// 800EC698:stg6_12_init
// 800EC6BC:stg6_06_init
// 800EC6E0:stg6_00_init
// 800EC70C:stg5_66_init
// 800EC738:stg5_65_init
// 800EC764:stg5_64_03_init
// 800EC788:stg5_64_02_init
// 800EC7AC:stg5_64_01_init
// 800EC7D8:stg5_64_init
// 800EC7FC:stg5_63_init
// 800EC820:stg5_62_init
// 800EC844:stg5_60_init
// 800EC888:stg5_59_01_init
// 800EC8AC:stg5_58_init
// 800EC8D0:stg5_47_init
// 800EC904:stg5_43_init
// 800EC930:stg5_30_init02
// 800EC964:stg5_30_init01
// 800EC988:stg5_29_init
// 800EC9AC:stg5_22_init01
// 800EC9D0:stg5_22_init00
// 800EC9FC:stg5_21_01_init00
// 800ECA20:stg5_21_init03
// 800ECA44:stg5_21_init01
// 800ECA70:stg5_21_init00
// 800ECA94:stg5_19_01_init
// 800ECA98:stg5_19_init02
// 800ECACC:stg5_19_init01
// 800ECAF0:stg5_19_init00
// 800ECAF4:stg5_18_init_02
// 800ECB20:stg5_18_init
// 800ECB4C:stg5_17_init
// 800ECB70:stg5_15_init02
// 800ECB94:stg5_15_init01
// 800ECBB8:stg5_12_init01
// 800ECBDC:stg4_end_init
// 800ECC08:stg4_37_init
// 800ECC2C:stg4_36_init
// 800ECC50:stg4_35_init
// 800ECC7C:stg4_30_init
// 800ECCA8:stg4_16_init
// 800ECCCC:stg4_15_03_init
// 800ECD18:stg4_15_init
// 800ECD3C:stg4_14_init
// 800ECD78:stg4_13_03_init
// 800ECD9C:stg4_13_02_init
// 800ECDC8:stg4_13_init
// 800ECDEC:stg4_11_init
// 800ECE28:stage4_10_init
// 800ECE4C:stage4_09_05_init
// 800ECE70:stage4_05_init
// 800ECEAC:stage4_04_01_init
// 800ECEE0:stage4_04_init
// 800ECF04:stage4_00_init
// 800ECF08:stg3_end_init
// 800ECF0C:stg3_52_init
// 800ECF40:stg3_50_init
// 800ECF6C:stg3_35_init
// 800ECF90:stg3_34_init
// 800ED024:stg3_33_04_init
// 800ED048:stg3_33_03_init
// 800ED074:stg3_33_init
// 800ED0A0:stg3_32_init
// 800ED0C4:stg3_31_init
// 800ED0E8:stg3_31_00_init
// 800ED124:stg3_30_init
// 800ED1C8:stg3_21_init
// 800ED224:stg3_20_15_init
// 800ED248:stg3_20_14_init
// 800ED27C:stg3_20_13_init
// 800ED2A0:stg3_20_init_1
// 800ED310:stg3_20_init_2
// 800ED370:stg3_20_init_3
// 800ED3D0:stg3_20_12_init
// 800ED434:stg3_20_09_init
// 800ED460:stg3_20_08_init
// 800ED48C:stg3_20_07_00_init
// 800ED4B0:stg3_20_06_init
// 800ED4E4:stg3_20_init_4
// 800ED53C:stg3_20_init_5
// 800ED58C:stg3_20_init_6
// 800ED5E4:stg3_20_init_7
// 800ED654:stg3_20_02_init
// 800ED688:stg3_20_01_init
// 800ED6B4:stg3_20_init_8
// 800ED704:stg3_20_init_9
// 800ED754:stg3_20_init_10
// 800ED7BC:stg3_12_2_init
// 800ED7FC:stg3_12_init__1
// 800ED84C:stg3_12_init__2
// 800ED89C:stg3_12_init__3
// 800ED8EC:stg3_12_init__4
// 800ED994:stg3_10_init__5
// 800ED9E4:stg3_07_init__6
// 800EDA34:stg3_07_init__7
// 800EDA84:stg3_07_init__8
// 800EDADC:stg3_07_init__9
// 800EDB44:stg3_06_init
// 800EDB98:stg2_end_init
// 800EDBC4:stg2_47_init
// 800EDBE8:stg2_44_init
// 800EDC0C:stg2_40_init
// 800EDC40:stg2_26_init
// 800EDC64:stg2_25_02_init
// 800EDC88:stg2_25_init
// 800EDCBC:stg2_23_01_init
// 800EDCE8:stg2_23_init
// 800EDD0C:stg2_21_06_init01
// 800EDD30:stg2_21_06_init00
// 800EDDE8:stg2_21_04_init
// 800EDE0C:stg2_21_03_init
// 800EDE30:stg2_21_02_init
// 800EDE54:stg2_21_01_init
// 800EDF0C:stg2_21_init02
// 800EDF38:stg2_21_init00
// 800EDF88:stg2_20_init
// 800EDFAC:stg2_19_init
// 800EDFD8:stg2_18_init02
// 800EE004:stg2_18_init01
// 800EE028:stg2_16_init01
// 800EE04C:stg2_16_init00
// 800EE084:stg2_15_init
// 800EE0B8:stg2_14_init
// 800EE0E4:stg2_12_01_init
// 800EE114:stg2_11_init
// 800EE138:stg2_10_init
// 800EE174:stg2_09_init
// 800EE198:stg2_03_03_init
// 800EE19C:stg2_00_init
// 800EE1EC:stg1_35_init01
// 800EE210:stg1_30_init01
// 800EE23C:stg1_30_init
// 800EE268:stg1_20_init
// 800EE28C:stg1_19_init
// 800EE2C0:stg1_17_init
// 800EE2EC:stg1_16_init01
// 800EE310:stg1_16_init00
// 800EE360:stg1_15_04_init
// 800EE384:stg1_15_03_init
// 800EE3A8:stg1_15_02_init
// 800EE3CC:stg1_14_init
// 800EE3F0:stg1_13_03_init
// 800EE414:stg1_13_02_init
// 800EE440:stg1_13_01_init
// 800EE464:stg1_13_init
// 800EE488:stg1_12_02_init
// 800EE4AC:stg1_10_init
// 800EE4B0:stg1_09_02_init
// 800EE4B4:stg1_09_init
// 800EE4E0:stg1_08_init
// 800EE514:stg1_06_01_init
// 800EE550:stg1_03_init
// 800EE584:stg1_01a_init
// 800EE5A8:stg0_16_init
// 800EE5CC:stg0_13_init00
// 800EE5F8:stg0_12_02_init
// 800EE61C:stg0_11_init
// 800EE640:stg0_08_init
// 800EE664:stg0_05_init
// 800EE688:stg0_00_init

// evt_pouch.o
// 800F07D0:evt_pouch_get_yoshiname
// 800F081C:evt_pouch_set_yoshiname
// 800F084C:evt_pouch_open_mail
// 800F087C:evt_pouch_receive_mail
// 800F08AC:evt_pouch_majinai_set
// 800F08DC:evt_pouch_get_equipbadgecnt
// 800F0928:evt_pouch_get_havebadgecnt
// 800F0974:evt_pouch_get_haveitemcnt
800F09C0:evt_pouch_all_party_recovery
800F0A24:evt_pouch_mario_recovery
// 800F0A5C:evt_pouch_party_left
// 800F0A8C:evt_pouch_party_join
// 800F0ABC:evt_pouch_set_ap
// 800F0AEC:evt_pouch_get_max_ap
// 800F0B38:L_evt_pouch_set_hp
// 800F0B68:L_evt_pouch_get_hp
// 800F0BB4:evt_pouch_check_item
// 800F0C08:evt_pouch_remove_keepitem
// 800F0C9C:evt_pouch_add_keepitem
// 800F0D0C:N_evt_pouch_remove_item_index
// 800F0DA8:evt_pouch_remove_item
// 800F0E20:evt_pouch_add_item
// 800F0E90:evt_pouch_get_starstone
// 800F0EC0:evt_pouch_add_starpiece
// 800F0EF0:evt_pouch_get_starpiece
// 800F0F3C:evt_pouch_set_supercoin
// 800F0F6C:evt_pouch_get_supercoin
// 800F0FB8:evt_pouch_set_coin
// 800F0FE8:evt_pouch_add_coin
// 800F1018:evt_pouch_get_coin

// seq_load.o
// 800F39DC:continueGame
// 800F3F2C:loadDraw
// 800F5AD4:loadMain
800F6F68:seq_loadMain
// 800F727C:seq_loadExit
// 800F72B8:seq_loadInit

// battle.o
// text
// 800F74B4:BattleConsumeReserveItem
// 800F7514:BattleStatusWindowCheck
// 800F75CC:BattleStatusWindowSystemOff
// 800F75F8:BattleStatusWindowEventOff
// 800F7624:BattleStatusWindowSystemOn
// 800F7650:BattleStatusWindowEventOn
// 800F767C:BattleStatusWindowAPRecoveryOff
// 800F76A8:BattleStatusWindowAPRecoveryOn
// 800F76D4:BattleMajinaiEndCheck
// 800F7718:BattleMajinaiDone
// 800F7774:BattleMajinaiCheck
// 800F78C4:battleDisableHResetCheck
// 800F78FC:BattleAfterReactionMain
// 800F79E4:BattleAfterReactionRelease
// 800F7A78:BattleAfterReactionEntry
// 800F7AF0:BattleAfterReactionQueueInit
// 800F7B28:BattleCheckUnitBroken
// 800F7B84:BattleGetFloorHeight
// 800F7BD4:BattleGetStockExp
// 800F7BFC:BattleStoreExp
// 800F7C0C:BattleStoreCoin
// 800F7C20:BattlePartyInfoWorkInit
800F7CA4:_EquipItem
// 800F831C:BtlUnit_EquipItem
// 800F83E4:BattleTransPartyIdToUnitKind
// 800F8444:BattleTransPartyId
// 800F8538:BattleChangeParty
// 800F86B4:BattlePartyAnimeLoad
800F86F4:BattleGetPartnerPtr
800F8728:BattleGetPartyPtr
800F87A8:BattleGetMarioPtr
// 800F8814:BattleGetSystemPtr
// 800F8874:BattleGetUnitPartsPtr
// 800F88B4:BattleSetUnitPtr
800F88CC:BattleGetUnitPtr
// 800F8908:BattleFree
// 800F8934:BattleAlloc
// 800F895C:BattleIncSeq
// 800F89A0:BattleGetSeq
// 800F8A08:BattleSetSeq
// 800F8A68:BattleSetMarioParamToFieldBattle
// 800F8AAC:Btl_UnitSetup
800F8DA4:BattleEnd
// 800F8E28:BattleMain
// 800F8F04:BattleInit
// 800F903C:battleSeqEndCheck
// 800F904C:battleMain
// data
8041EB90:_battleWorkPtr

// battle_ac.o
// text
// 800F9094:BattleAcGaugeSeDelete
// 800F90D8:BattleAcGaugeSeUpdate
// 800F9150:BattleAcGaugeSeInit
// 800F9190:BattleAcDrawGauge
// 800F9EA4:BattleACGetButtonIcon
// 800FA0E8:BattleActionCommandGetPrizeLv
// 800FA12C:BattleActionCommandSetDifficulty
800FA15C:BattleActionCommandGetDifficulty
// 800FA164:BattleActionCommandResetDefenceResult
// 800FA194:BattleActionCommandGetDefenceResult
800FA1A0:BattleACPadCheckRecordTrigger
800FA1B8:BattleActionCommandCheckDefence
// 800FA420:BattleActionCommandStop
// 800FA450:BattleActionCommandStart
// 800FA45C:BattleActionCommandSetup
// 800FA4F0:BattleActionCommandDeclareACResult
// 800FA574:BattleActionCommandResult
// 800FA5B0:BattleActionCommandManager
// 800FA62C:BattleActionCommandManagerInit
// data
802EE018:_guardFrames
802EE020:_superguardFrames

// battle_disp.o
// 80100258:_btlStockExpDisp
// 8010045C:BattleStockExpDisp
// 801004D8:_btlDispTex4
// 80100644:btlDispTex4
801009B4:btlGetScreenPoint
// 80100A4C:btlDispAnimeSpeed
// 80100A80:_pose_two_pattern
// 80100D28:_pose_one_pattern
// 80100E00:_pose_def
// 80100E6C:statusPoseControl
// 80100ED0:getFloatDispOffset
// 80100F34:floatOffsetControl
// 80100FFC:getGravityDispOffset
// 80101060:gravityOffsetControl
// 801010F4:btlDispPoseAnime
// 8010112C:btlDispChangePeraAnime
// 80101168:btlDispChangeAnime
// 801011FC:btlDispEntAnime
// 8010128C:btlUnitPartsBlurDisp
// 80101428:_partsBlurControl
// 801014F4:btlUnitPartsBlurControl
// 80101548:btlUnitStolenItemDisp
// 801015EC:btlUnitItemDisp2
// 80101678:btlUnitItemDisp
// 80101774:btlUnitPartsDisp
// 801024F0:btlDispMain
// 80103084:_GetStatusPoseType
// 801030F8:btlDispInit
// 80103134:btlDispGetTexSize
// 80103198:btlDispTexPlane3
// 8010323C:btlDispTexPlane2
// 801032C8:btlDispTexPlane
// 801033E4:btlDispTexPlainGX
// 801036E4:btlDispTexPlaneInit
// 801037C4:btlDispGXQuads2D
// 801038E8:btlDispGXPoint2D
// 80103918:btlDispGXQuads2DRasta
// 801039EC:btlDispGXPoint2DRasta
// 80103A14:btlDispGXInit2D
// 80103B48:btlDispGXInit2DRasta
// 80103C3C:btlDispGXInit2DSub
// 80103CD0:searchPoseTbl

// battle_event_cmd.o
// 80103D14:btlevtcmd_ftof
// 80103DC0:btlevtcmd_ftomsec
// 80103E10:btlevtcmd_StageDispellFog
80103E34:btlevtcmd_StatusWindowOnOff
// 80103EB0:btlevtcmd_BtlStageObjGetRotate
// 80103F9C:btlevtcmd_BtlStageObjSetRotate
// 801040F4:btlevtcmd_BtlStageObjFlagOnOff
// 801041B8:btlevtcmd_SacBgsetMove
// unused:btlevtcmd_SetCounterAcCallBack
8010436C:btlevtcmd_InviteApInfoReport
// 801043B8:btlevtcmd_PadCheckNow
// 80104428:btlevtcmd_PadCheckTrigger
// 80104498:btlevtcmd_EnemyItemUseCheck
// 80104508:btlevtcmd_snd_voice
// 801045E0:btlevtcmd_snd_se_offset
80104700:btlevtcmd_snd_se
// 801047BC:_MoveSoundControlEndCore
// 80104800:_PartsMoveSoundControlEnd
// 8010482C:_UnitMoveSoundControlEnd
// 80104850:_MoveSoundControlCore
// 801049D0:_PartsMoveSoundControl
// 80104A24:_UnitMoveSoundControl
// 80104A78:btlevtcmd_SetPartsJumpSound
// 80104B08:btlevtcmd_SetJumpSound
// 80104B88:btlevtcmd_SetPartsDiveSound
// 80104C54:btlevtcmd_SetDiveSound
// 80104D10:btlevtcmd_SetPartsWalkSound
// 80104DDC:btlevtcmd_SetWalkSound
// 80104E98:btlevtcmd_SetPartsRunSound
// 80104F64:btlevtcmd_SetRunSound
// 80105020:btlevtcmd_SetMoveSoundDataWork
// 8010510C:btlevtcmd_TransStageFloorPosition
// 801051CC:btlevtcmd_GetStageAudienceAreaSize
80105284:btlevtcmd_GetStageSize
// 8010533C:btlevtcmd_SortPhaseMoveTable
// 80105368:btlevtcmd_InterruptStop
// 801053E0:btlevtcmd_GetGuardKouraId
// 8010546C:btlevtcmd_SetGuard
801054E8:btlevtcmd_WeaponAftereffect
801056F4:btlevtcmd_GetItemRecoverParam
// 80105798:btlevtcmd_CommandGetWeaponItemId
// 801057E8:btlevtcmd_CommandGetWeaponAddress
// 80105890:btlevtcmd_CommandGetWeaponActionLv
// 801058E0:btlevtcmd_GetWeaponActionLv
// 80105928:btlevtcmd_CommandPayWeaponCost
// 801059A0:btlevtcmd_PayWeaponCost
// 80105A14:btlevtcmd_CheckWeaponPluralTarget
// 80105A78:btlevtcmd_AfterReactionEntry
// 80105AE0:btlevtcmd_OffUnitFlag
// 80105B40:btlevtcmd_OnUnitFlag
// 80105BA0:btlevtcmd_CheckUnitFlag
// 80105C30:btlevtcmd_GetACPossibility
// 80105CB4:btlevtcmd_CheckActStatus
// 80105D38:btlevtcmd_OffStatusFlag
// 80105D98:btlevtcmd_OnStatusFlag
// 80105DF8:btlevtcmd_ClearAllStatus
// 80105E50:btlevtcmd_OnOffStatus
// 80105F0C:btlevtcmd_CheckStatus
// 80105FA0:btlevtcmd_CheckGuardMotionEnable
// 801060A0:btlevtcmd_AnimeFlagOnOff
// 80106140:btlevtcmd_AnimeChangePaperAnime
// 801061C8:btlevtcmd_AnimeChangePaperGroup
// 80106264:btlevtcmd_AnimeSetMotionSpeed
// 801062E0:btlevtcmd_CheckDefinePosetype
// 801063F4:btlevtcmd_AnimeSetPoseSoundTable
// 80106468:btlevtcmd_AnimeSetPoseTable
// 801064D8:btlevtcmd_AnimeChangePoseFromTable
// 80106544:btlevtcmd_AnimeCmpPoseType
// 80106618:btlevtcmd_SetStayPoseType
// 801066A8:btlevtcmd_SetTalkPoseType
// 80106738:btlevtcmd_SetStayPose
// 80106790:btlevtcmd_SetTalkPose
// 801067E8:btlevtcmd_SetTalkBodyId
// 80106854:btlevtcmd_AnimeWaitPlayLoopTiming
// 80106980:btlevtcmd_AnimeWaitPlayComplete
// 80106A34:btlevtcmd_AnimeChangePoseDirect
// 80106B20:btlevtcmd_AnimeChangePoseType
80106BB8:btlevtcmd_AnimeChangePose
// 80106C40:btlevtcmd_AnimeChangeGroup
// 80106D18:btlevtcmd_AudienceAppeal
// 80106D7C:btlevtcmd_ACRGetResult
// 80106DFC:btlevtcmd_ACRStart
// 80106EB4:btlevtcmd_ACHelpSet
// 80106EF0:btlevtcmd_ac_timing_get_success_frame
// 80106F40:btlevtcmd_ac_timing_flag_onoff
// 80106FA0:btlevtcmd_ACSuccessEffect
// 801072E4:btlevtcmd_AudienceDeclareAcrobatResult
8010749C:btlevtcmd_AudienceDeclareACResult
// 80107548:btlevtcmd_GetResultCountAC
// 8010757C:btlevtcmd_GetResultACDefence
// 801075C4:btlevtcmd_GetResultPrizeLv
// 80107660:btlevtcmd_GetResultAC
80107694:btlevtcmd_ResultACDefence
// 80107708:btlevtcmd_ResultAC
// 80107758:btlevtcmd_StopAC
// 80107788:btlevtcmd_StartAC
// 801077EC:btlevtcmd_SetupAC
// 80107884:btlevtcmd_AcSetOutputParam
// 801078DC:btlevtcmd_AcGetOutputParam
// 8010793C:btlevtcmd_AcSetGaugeParam
// 801079AC:btlevtcmd_AcGetParam
// 80107A0C:btlevtcmd_AcSetParam
// 80107A64:btlevtcmd_AcSetParamAll
// 80107AD4:btlevtcmd_AcSetFlag
// 80107AEC:btlevtcmd_AcGetDifficulty
// 80107B38:btlevtcmd_AcSetDifficulty
// 80107BB8:btlevtcmd_DivePartsPosition
// 80108504:btlevtcmd_FallPartsPosition
// 80108864:btlevtcmd_JumpPartsContinue
// 8010899C:btlevtcmd_JumpPartsSetting
// 80108A58:btlevtcmd_JumpPartsPosition
// 80108F34:btlevtcmd_SetPartsFallAccel
// 80108FC4:btlevtcmd_SetPartsMoveSpeed
// 80109054:btlevtcmd_GetTakeoffPosition
// 801093A8:btlevtcmd_MarioJumpPosition
// 80109C68:btlevtcmd_MarioJumpParam
// 80109E04:btlevtcmd_GetConfuseActEvent
// 80109EA8:btlevtcmd_PhaseEventStartDeclare
// 80109F00:btlevtcmd_GetDataFromDataTable
// 80109F88:btlevtcmd_CheckDataOfDataTable
// 8010A010:btlevtcmd_RunDataEventChild
// 8010A0B0:btlevtcmd_WaitAttackEndCheck
// 8010A154:btlevtcmd_WaitAttackEnd
// 8010A1C8:btlevtcmd_WaitGuardMove
// 8010A1E4:btlevtcmd_GuardMoveEnd
// 8010A1FC:btlevtcmd_StopWaitEvent
8010A26C:btlevtcmd_StartWaitEvent
// 8010A2D0:btlevtcmd_SetEventCeilFall
// 8010A32C:btlevtcmd_SetEventConfusion
// 8010A388:btlevtcmd_SetEventAttack
// 8010A3EC:btlevtcmd_SetEventUnisonPhase
// 8010A448:btlevtcmd_SetEventPhase
// 8010A4A4:btlevtcmd_SetEventEntry
// 8010A500:btlevtcmd_SetEventWait
// 8010A55C:btlevtcmd_SetEventDamage
// 8010A5B8:btlevtcmd_DamageDirect
// 8010A688:btlevtcmd_CommandCheckDamage
8010A78C:btlevtcmd_CheckDamage
// 8010A88C:btlevtcmd_CommandPreCheckCounter
// 8010A998:btlevtcmd_PreCheckCounter
// 8010AAA8:btlevtcmd_CommandPreCheckDamage
8010ABAC:btlevtcmd_PreCheckDamage
// 8010ACAC:btlevtcmd_AttackDeclareAll
// 8010AD00:btlevtcmd_AttackDeclare
// 8010ADAC:btlevtcmd_ConsumeItemReserve
8010AF58:btlevtcmd_ConsumeItem
// 8010B0C4:btlevtcmd_CommandFlyItem
// 8010B2B8:btlevtcmd_DispItemIcon
8010B3D4:btlevtcmd_GetConsumeItem
// 8010B418:btlevtcmd_GetFirstAttackTarget
8010B490:btlevtcmd_GetSelectNextEnemy
8010B540:btlevtcmd_GetSelectEnemy
// 8010B5E4:btlevtcmd_ChoiceSamplingEnemy
// 8010B664:btlevtcmd_SamplingEnemy
// 8010B714:btlevtcmd_PartsFaceDirectionSub
// 8010B7C4:btlevtcmd_FaceDirectionSub
// 8010B85C:btlevtcmd_FaceDirectionAdd
// 8010B8F4:btlevtcmd_MoveDirectionAdd
// 8010B9A4:btlevtcmd_EllipseMovePosition
// 8010BF8C:btlevtcmd_DivePosition
// 8010C8C0:btlevtcmd_GetMoveFrame
8010CA74:btlevtcmd_MovePosition
// 8010CDA8:btlevtcmd_FallPosition
// 8010D0F0:btlevtcmd_JumpContinue
8010D208:btlevtcmd_JumpPosition
// 8010D6CC:btlevtcmd_JumpSetting
8010D770:btlevtcmd_SetFallAccel
// 8010D7E8:btlevtcmd_SetJumpSpeed
8010D860:btlevtcmd_SetMoveSpeed
// 8010D8D8:btlevtcmd_StoreCoin
// 8010D914:btlevtcmd_GetCoin
// 8010D980:btlevtcmd_StoreExp
// 8010D9BC:btlevtcmd_GetExp
// 8010DA28:btlevtcmd_GetBackItem
// 8010DAE0:btlevtcmd_ChangeDataTable
// 8010DB3C:btlevtcmd_SetPartsDefenceAttrTable
// 8010DBC0:btlevtcmd_SetPartsDefenceTable
// 8010DC44:btlevtcmd_ChangeKind
// 8010DCB0:btlevtcmd_CheckCommandUnit
// 8010DD40:btlevtcmd_SetRegistStatus
8010DDAC:btlevtcmd_CheckToken
// 8010DE30:btlevtcmd_OffToken
// 8010DE94:btlevtcmd_OnToken
// 8010DEF8:btlevtcmd_SetPartsBlur
// 8010E008:btlevtcmd_OffPartsCounterAttribute
// 8010E08C:btlevtcmd_OnPartsCounterAttribute
// 8010E110:btlevtcmd_CheckPartsCounterAttribute
// 8010E1B8:btlevtcmd_OffPartsAttribute
// 8010E23C:btlevtcmd_OnPartsAttribute
// 8010E2C0:btlevtcmd_CheckPartsAttribute
// 8010E368:btlevtcmd_OffAttribute
// 8010E3CC:btlevtcmd_OnAttribute
// 8010E430:btlevtcmd_CheckAttribute
8010E4BC:btlevtcmd_ResetFaceDirection
// 8010E52C:btlevtcmd_ChangePartsFaceDirection
// 8010E5A8:btlevtcmd_ChangeFaceDirection
// 8010E614:btlevtcmd_GetFaceDirection
// 8010E684:btlevtcmd_CalculateFaceDirection
// 8010E99C:btlevtcmd_GetPartyTechLv
// 8010EA34:btlevtcmd_GetUnitId
// 8010EAD8:btlevtcmd_GetBodyId
// 8010EB4C:btlevtcmd_GetPartyId
// 8010EC24:btlevtcmd_GetMarioId
// 8010ECF4:btlevtcmd_GetPartnerId
// 8010ED8C:btlevtcmd_GetUnitKind
// 8010EDF8:btlevtcmd_GetProtectId
// 8010EE64:btlevtcmd_GetFriendBelong
// 8010EED4:btlevtcmd_GetEnemyBelong
8010EF44:btlevtcmd_CheckSpace
// 8010F0E8:btlevtcmd_CheckDamagePattern
// 8010F174:btlevtcmd_RunHitEventDirect
8010F200:btlevtcmd_StartAvoid
// 8010F2E8:btlevtcmd_CheckDamageCode
// 8010F374:btlevtcmd_GetDamageCode
// 8010F3E4:btlevtcmd_GetTotalDamage
// 8010F458:btlevtcmd_GetDamage
// 8010F4CC:btlevtcmd_SetPartsWork
// 8010F568:btlevtcmd_GetPartsWork
// 8010F604:btlevtcmd_SetUnitWorkFloat
// 8010F690:btlevtcmd_GetUnitWorkFloat
// 8010F718:btlevtcmd_AddUnitWork
// 8010F7A4:btlevtcmd_SetUnitWork
8010F828:btlevtcmd_GetUnitWork
// 8010F8AC:btlevtcmd_SetOverTurnCount
// 8010F918:btlevtcmd_GetOverTurnCount
// 8010F988:btlevtcmd_RecoverFp
// 8010FA1C:btlevtcmd_RecoverHp
// 8010FAF0:btlevtcmd_GetHpDamageCount
// 8010FB68:btlevtcmd_GetFpDamage
// 8010FBE4:btlevtcmd_GetHpDamage
// 8010FC60:btlevtcmd_GetDamagePartsId
// 8010FCE0:btlevtcmd_SetMaxMoveCount
// 8010FD78:btlevtcmd_SetSwallowAttribute
// 8010FDF0:btlevtcmd_SetSwallowParam
// 8010FE64:btlevtcmd_SetMaxFp
// 8010FEEC:btlevtcmd_SetFp
8010FF74:btlevtcmd_SetHp
// 8011004C:btlevtcmd_GetMaxFp
// 801100CC:btlevtcmd_GetMaxHp
// 80110144:btlevtcmd_GetFp
// 801101C4:btlevtcmd_GetHp
// 8011023C:btlevtcmd_AddPartsScale
// 8011030C:btlevtcmd_SetPartsScale
// 801103DC:btlevtcmd_AddScale
// 8011049C:btlevtcmd_SetScale
// 8011055C:btlevtcmd_GetScale
// 80110634:btlevtcmd_SetPartsBaseScale
// 80110704:btlevtcmd_SetBaseScale
// 801107C8:btlevtcmd_SetPossessionItemOffset
// 801108EC:btlevtcmd_SetCutHeight
// 80110978:btlevtcmd_SetCutWidth
// 80110A04:btlevtcmd_SetKissHitOffset
// 80110B28:btlevtcmd_SetBintaHitOffset
// 80110C4C:btlevtcmd_SetCutBaseOffset
// 80110D70:btlevtcmd_SetRotateOffsetFromCenterOffset
// 80110DD4:btlevtcmd_AddPartsRotateOffset
// 80110EB8:btlevtcmd_SetPartsRotateOffset
// 80110F9C:btlevtcmd_SetRotateOffset
// 801110C4:btlevtcmd_SetPartsBaseRotate
// 801111E4:btlevtcmd_SetBaseRotate
// 80111358:btlevtcmd_AddPartsRotate
// 8011143C:btlevtcmd_SetPartsRotate
// 80111520:btlevtcmd_GetPartsRotate
// 801115F8:btlevtcmd_AddRotate
// 80111720:btlevtcmd_SetRotate
// 80111894:btlevtcmd_GetRotate
// 8011197C:btlevtcmd_SetRGB
// 80111A18:btlevtcmd_GetRGB
// 80111AB8:btlevtcmd_SetAlpha
// 80111B2C:btlevtcmd_GetHpGaugeOffset
// 80111BC4:btlevtcmd_SetHpGaugeOffset
// 80111C5C:btlevtcmd_SetStatusIconOffset
// 80111CF4:btlevtcmd_GetStatusMg
// 80111D60:btlevtcmd_SetHeight
// 80111DD0:btlevtcmd_GetHeight
// 80111E40:btlevtcmd_GetWidth
// 80111EB0:btlevtcmd_SetHitCursorOffset
// 80111FAC:btlevtcmd_SetHitOffset
// 801120A8:btlevtcmd_GetHitPos
// 801121C4:btlevtcmd_SetPartsHomePos
// 801122A8:btlevtcmd_AddHomePos
// 801123D0:btlevtcmd_SetHomePos
801124F8:btlevtcmd_GetHomePos
// 801125BC:btlevtcmd_SetTogeOffset
// 801126F0:btlevtcmd_AddPartsDispOffset
// 80112834:btlevtcmd_SetPartsDispOffset
// 80112978:btlevtcmd_SetDispOffset
// 80112AA0:btlevtcmd_AddPartsPos
// 80112BF8:btlevtcmd_SetPartsPos
// 80112D98:btlevtcmd_GetPartsPos
// 80112EA4:btlevtcmd_AddPos
80112FCC:btlevtcmd_SetPos
// 80113140:btlevtcmd_ChangeParty
// 8011319C:btlevtcmd_ReplaceParts
80113304:btlevtcmd_KillUnit
// 801133BC:btlevtcmd_SpawnUnit
// 80113430:btlevtcmd_DrawLots
// 8011350C:btlevtcmd_GetRandomValue
// 8011355C:btlevtcmd_GetPosFloat
80113620:btlevtcmd_GetPos
// 80113708:btlevtcmd_CheckPhase
// 80113778:btlevtcmd_reset_move_color_lv_all
// 801137A0:btlevtcmd_reset_turn
// 801137B8:btlevtcmd_get_turn
// 801137EC:btlevtcmd_onoff_battleflag
// 8011384C:btlevtcmd_check_battleflag
// 8011389C:btlevtcmd_WaitEventEnd

// battle_pad.o
// 80119F48:BattlePadMultiCheckRepeat
// 80119F60:BattlePadCheckRepeat
// 80119F88:BattlePadMultiCheckUp
// 80119FA0:BattlePadCheckUp
// 80119FC8:BattlePadMultiCheckNow
// 80119FE0:BattlePadCheckNow
// 8011A008:BattlePadMultiCheckRecordTrigger
// 8011A028:BattlePadCheckRecordTrigger
// 8011A054:BattlePadMultiCheckTrigger
// 8011A06C:BattlePadCheckTrigger
// 8011A094:BattlePadGetNow
// 8011A0A0:BattlePadGetTrigger
// 8011A0AC:BtlPad_WorkUpdate
// 8011A38C:BtlPad_WorkInit
8011A43C:BattlePadManager
// 8011A48C:BattlePadInit

// battle_unit.o
// 80125D08:BtlUnit_CheckShadowGuard
// 80125D44:BtlUnit_EnemyItemCanUseCheck
// 80125D88:BtlUnit_HpGaugeMain
// 80125FD8:BtlUnit_HpGaugeInit
// 80126088:BtlUnit_snd_se_pos
// 8012619C:BtlUnit_snd_se
// 801261F8:BtlUnit_ControlPoseSoundMain
// 801264B4:BtlUnit_PoseSoundInit
// 801264CC:BtlUnit_SetCommandAnimPose
// 80126558:BtlUnit_SetSeMode
// 80126588:BtlUnit_LoadSeMode
// 801266D4:BtlUnit_ResetMoveStatus
// 801267CC:BtlUnit_GetGuardKouraPtr
// 80126840:BtlUnit_PayWeaponCost
// 801268FC:BtlUnit_CheckWeaponCost
// 80126968:BtlUnit_GetWeaponCost
// 80126AC0:BtlUnit_SetMaxFp
// 80126B14:BtlUnit_GetMaxFp
// 80126B58:BtlUnit_RecoverFp
// 80126BEC:BtlUnit_RecoverHp
// 80126C10:BtlUnit_SetFp
// 80126C64:BtlUnit_GetFp
// 80126CA8:BtlUnit_GetCoin
// 80126D20:BtlUnit_GetExp
// 80126E00:BtlUnit_CheckPinchStatus
// 80126F00:BtlUnit_SetParamToPouch
// 80126FE8:BtlUnit_ReviseHpFp
// 80127134:BtlUnit_SetParamFromPouch
// 8012724C:BtlUnit_CanActStatus
// 801272DC:BtlUnit_CanGuardStatus
// 801272FC:BtlUnit_CheckData
// 8012733C:BtlUnit_GetData
// 8012737C:BtlUnit_GetACPossibility
// 80127434:BtlUnit_SetTotalHitDamage
// 80127440:BtlUnit_GetTotalHitDamage
// 80127448:BtlUnit_GetHitDamage
// 80127454:BtlUnit_GetEnemyBelong
// 80127480:BtlUnit_GetTalkTogePos
// 80127564:BtlUnit_ChangeStayAnim
// 801275AC:BtlUnit_ChangeTalkAnim
// 801275F4:BtlUnit_SetBodyAnim
// 80127640:BtlUnit_SetBodyAnimType
// 80127688:BtlUnit_SetAnim
// 801276AC:BtlUnit_SetAnimType
// 8012772C:BtlUnit_GetPoseNameFromType
// 801277AC:BtlUnit_OffUnitFlag
// 801277BC:BtlUnit_OnUnitFlag
// 801277CC:BtlUnit_CheckUnitFlag
// 801277D8:BtlUnit_OffStatusFlag
// 801277E8:BtlUnit_OnStatusFlag
// 801277F8:BtlUnit_CheckStatusFlag
80127814:BtlUnit_CheckStatus
// 80127890:BtlUnit_CheckRecoveryStatus
// 80127B58:BtlUnit_ClearStatus
// 80127BAC:BtlUnit_SetStatus
// 80127F34:BtlUnit_GetStatus
// 801280F8:_CheckMoveCount
80128144:BtlUnit_GetBelong
// 8012814C:BtlUnit_SetJumpSpeed
// 80128154:BtlUnit_SetPartsMoveSpeed
// 8012815C:BtlUnit_SetMoveSpeed
// 80128164:BtlUnit_SetPartsFallAccel
// 8012816C:BtlUnit_SetFallAccel
// 80128174:BtlUnit_SetPartsMoveTargetPos
// 801281A8:BtlUnit_SetMoveTargetPos
// 801281DC:BtlUnit_SetPartsMoveCurrentPos
// 80128210:BtlUnit_SetMoveCurrentPos
// 80128244:BtlUnit_SetPartsMoveStartPos
// 80128278:BtlUnit_SetMoveStartPos
// 801282AC:BtlUnit_AddPartsDispOffset
// 801282F8:BtlUnit_SetPartsDispOffset
// 8012832C:BtlUnit_SetDispOffset
// 80128360:BtlUnit_AddPartsOffsetPos
// 80128388:BtlUnit_SetPartsOffsetPos
// 801283BC:BtlUnit_GetPartsOffsetPos
// 801283D8:BtlUnit_SetOffsetPos
// 8012840C:BtlUnit_SetHeight
// 80128414:BtlUnit_GetHeight
// 8012841C:BtlUnit_GetWidth
// 80128424:BtlUnit_AddPartsScale
// 80128470:BtlUnit_SetPartsScale
// 801284A4:BtlUnit_SetPartsBaseScale
// 801284D8:BtlUnit_AddScale
// 80128524:BtlUnit_SetScale
// 80128558:BtlUnit_GetScale
// 80128574:BtlUnit_SetBaseScale
// 801285A8:BtlUnit_AddPartsRotateOffset
// 801285D0:BtlUnit_SetPartsRotateOffset
// 80128604:BtlUnit_SetRotateOffset
// 80128638:BtlUnit_GetPartsBaseRotate
// 80128654:BtlUnit_SetPartsBaseRotate
// 80128664:BtlUnit_GetBaseRotate
// 80128680:BtlUnit_SetBaseRotate
// 801286E0:BtlUnit_AddPartsRotate
// 80128798:BtlUnit_GetPartsRotate
// 801287B4:BtlUnit_SetPartsRotate
// 801287C4:BtlUnit_AddRotate
// 80128898:BtlUnit_GetRotate
// 801288B4:BtlUnit_SetRotate
// 80128968:BtlUnit_SetPartsHomePos
// 80128978:BtlUnit_AddHomePos
// 801289A0:BtlUnit_SetHomePos
// 801289B0:BtlUnit_GetHomePos
// 801289CC:BtlUnit_SetHitCursorOffset
// 801289DC:BtlUnit_SetHitOffset
// 801289EC:BtlUnit_GetHitPos
// 80128B10:BtlUnit_GetPartsWorldPos
// 80128BF0:BtlUnit_AddPartsPos
// 80128C18:BtlUnit_SetPartsPos
// 80128C28:BtlUnit_GetPartsPos
// 80128C44:BtlUnit_AddPos
// 80128C6C:BtlUnit_SetPos
80128C7C:BtlUnit_GetPos
80128C98:BtlUnit_GetBodyPartsId
80128CD8:BtlUnit_GetPartsPtr
// 80128D18:BtlUnit_GetUnitId
// 80128D20:BtlUnit_Spawn
// 80128E08:BtlUnit_Delete
// 80128FE0:BtlUnit_Entry
// 80129694:BtlUnit_Init

// statuswindow.o
// text
// 8013BFC4:statusPartyHPBlink
// 8013BFE0:statusMarioHPBlink
// 8013BFFC:statusFPBlink
// 8013C018:N_statusClearBlink
// 8013C028:statusAPBlink
// 8013C050:statusGetApPos
// 8013C0E0:statusWinForceUpdateCoin
// 8013C110:statusWinForceUpdate
// 8013C1C4:statusWinCheckUpdate
// 8013C1F0:statusWinCheck
// 8013C20C:statusWinDispOff
// 8013C220:statusWinDispOn
// 8013C234:statusWinForceOff
// 8013C300:statusWinForceCloseClear
// 8013C318:statusWinForceClose
// 8013C354:statusWinForceOpen
// 8013C390:statusWinClose
// 8013C3B8:statusWinOpen
// 8013C3E0:valueUpdate
// 8013C800:valueCheck
// 8013C9AC:statusGetValue
8013CB24:statusWinDisp
// 8013D440:gaugeDisp
// 8013D654:statusWinMain
// 8013DC38:statusWinReInit
// 8013DD18:statusWinInit
// data
8041EBEC:_statusWindowWorkPtr

// mario_party.o
// 80140E60:partyGetTechLv
// 80140EA4:partyGetHp
80140EE8:partyChkJoin
80140F30:partyLeft
80140F74:partyJoin
80140FB8:marioGetExtraPartyId
80141050:marioGetPartyId
// 801410E8:marioGetParty
80141198:marioPartyKill
80141204:marioPartyGoodbye
8014124C:marioPartyHello
801412FC:marioPartyEntry
// 801414A0:marioUseParty

// win_root.o
// 80152F00:winMailDisp
// 80153DD4:winZClear
// 80153F84:winKageGX
// 801543A4:winSortWait
// 801543B8:winSortEntry
// 80154414:winSortGX
// 801553E4:winSortMain
// 80155664:sort_8_2_func
// 80155700:compare_func5_r
// 80155724:compare_func5
// 80155748:sort_8_1_func
// 801557E4:compare_func4_r
// 8015584C:compare_func4
// 801558BC:sort_7_3_func
// 80155978:compare_func3_r
// 80155AB0:compare_func3
// 80155BE8:sort_7_2_func
// 80155CA4:compare_func2_r
// 80155DB8:compare_func2
// 80155ECC:sort_7_1_func
// 80155F58:compare_func1_r
// 80155F7C:compare_func1
// 80155FA0:sort_6_2_func
// 80156040:sort_6_1_func
// 801560E0:compare_func6_2_r
// 80156138:compare_func6_2
// 80156190:compare_func6_1_r
// 80156214:compare_func6_1
// 80156298:sort_5_3_func
// 80156484:sort_5_2_func
// 80156524:sort_5_1_func
// 801565C4:compare_func5_2_r
// 8015661C:compare_func5_2
// 80156674:compare_func5_1_r
// 801566F8:compare_func5_1
// 8015677C:sort_4_3_func
// 8015699C:sort_4_2_func
// 80156A28:sort_4_1_func
// 80156AB4:N_compare_func4_2_r
// 80156B04:N_compare_func4_2
// 80156B54:N_compare_func4_1_r
// 80156BD0:N_compare_func4_1
// 80156C4C:sort_3_3_func
// 80156CE8:sort_3_2_func
// 80156D6C:sort_3_1_func
// 80156DF0:sort_2_2_func
// 80156E6C:sort_2_1_func
// 80156EE8:sort_1_2_func
// 80156F7C:sort_1_1_func
// 80157010:winWazaGX
// 801583F4:winHakoGX
// 8015A3CC:winMailGX
// 8015C51C:winHalfBookGX
// 8015E080:winBookGX
// 8015FD70:winNameGX
// 80160940:winKirinukiGX
// 80162ED0:winMsgEntry
// 80162F8C:winMsgDisp
// 801637C8:winMsgMain
// 80163A10:winBgGX
// 801641B8:winBgMain
// 801645D0:winRootDisp
801648E8:winRootMain

// win_party.o
// 80165B70:winPartyDisp
// 8016722C:winPartyMain2
// 80167248:winPartyMain
80167734:winPartyExit
// 8016779C:winPartyInit2
80167848:winPartyInit

// win_item.o
// 80169CF0:itemUseDisp2
// 80169EC0:itemUseDisp
// 8016B41C:item_disp
// 8016BBEC:winItemDisp
// 8016BF10:winItemMain2
// 8016C030:winItemMain
8016D2D8:winItemExit
// 8016D310:winItemInit2
8016D43C:winItemInit
// 8016D6A0:winMakeSkipList

// win_mario.o
8016D7C4:winMarioDisp
// 8016F87C:fukidashi
// 80170448:winZenkakuStr
// 80170484:winMarioMain2
// 80170488:winMarioMain
// 80170C6C:winMarioExit
// 80170C90:winMarioInit2
// 80170DC0:winMarioInit

// win_main.o
// text
// 8017B5B0:winLectureCheck
// 8017B60C:winLectureOn
// 8017B670:winLectureKeyMask
// 8017B8D8:winIconSet
// 8017BBCC:winIconGrayInit
// 8017BFDC:winIconInit
// 8017C158:winTexSet_x2
// 8017C3F8:winTexInit_x2
// 8017C6D0:winTexSetRot
// 8017CC2C:winTexSet
// 8017CEF0:winTexInit
// unused:winFontSetPitch
8017D068:winFontSetLabel
8017D10C:winFontSetEdgeWidth
8017D28C:winFontSetEdge
// unused:winFontSetCenter
8017D3B8:winFontSetR
8017D52C:winFontSetWidth
8017D6AC:winFontSet
// 8017D7D0:winFontInit
// 8017D7F0:winGhostDiaryChk
// 8017D834:cam_r
// 8017D91C:party_color
// 8017D96C:famicom_check
// 8017D9BC:itemUseFunc2
// 8017D9E0:itemUseFunc
// 8017DD14:winDispKoopa
// 8017DF00:winDisp
// 8017DF24:winMain
8017EAEC:winOpenDisable
8017EB08:winOpenEnable
// 8017EB24:winCheck
// 8017EB70:winReInit
// 8017EB9C:winInit
8017EBD4:winGetPtr
// data
802F7390:str_999_jpn_winMain
80424018:str_999_winMain

// mario_cam.o
// 801A86F0:marioCamZoomUpLevelMain
// 801A89A0:marioCamZoomUp
// 801A8D38:marioCamZoomOff
// 801A8E04:marioCamZoomOffReq2
// 801A8E68:marioCamZoomOffReq
// 801A8EB4:camFollowYOff
// 801A8EF4:camFollowYOn
// 801A8F34:marioNoUpdateCamPos
// 801A8F60:marioUpdateCamPos
// 801A8F8C:marioUpdateCam
// 801A91FC:marioUpdateCamCollision
// 801A924C:marioCamMain
// 801A938C:marioPreCamera
// 801A9434:marioGetCamFollowRate
// 801A9458:marioSetCamFollowRate
// 801A9488:marioResetCamFollowRate
801A94C0:marioSetCamId
// 801A94F0:marioGetCamId
// 801A9514:marioInitCamId
// 801A9544:marioResetCamShiftRate
// 801A95A8:marioResetCamShift

// peach.o
// 801FBBA8:peach_talk
// 801FBC00:peach_dash
// 801FBE50:peach_walk
// 801FBFE0:peach_stay
// 801FC1D0:peachMain
// 801FC388:peachPreInit
801FC38C:peachTransformOff
801FC420:peachTransformOn
// 801FC4B0:peachChgPose
// 801FC9E4:peachSetStsCarry
// 801FCA24:peachSetStsOrdinary
// 801FCA64:peachSetStsAngry
// 801FCAA4:peachSetStsUneasy
// 801FCAE4:peachSetStsHappy
// 801FCB24:peachSetStsInvisible
// 801FCB64:peachSetStsAftershower
// 801FCBA4:peachSetStsNormal

// evt_yuugijou.o
// text
// 80229554:evtYuuWindowEndChk
// 80229564:evtYuuWindow
// 802295E0:yuuminigame_end
// 80229618:yuuminigame_window_end
// 80229630:yuugijou_set_yupflag
// 80229688:yuugijou_get_takeoutflag
// 802296D8:yuugijou_montemedal_return
// 80229720:yuugijou_montemedal_keep
// 80229774:yuugijou_montemedal_wait
// 80229798:yuugijou_montemedal_disp_onoff
// 802297FC:yuugijou_add_montemedal_moto
// 80229868:yuugijou_get_montemedal_keep
// 802298B8:yuugijou_get_montemedal
// 802298EC:yuugijou_add_montemedal
// 80229978:monteCountDisp
// 80229BCC:yuugijou_init
// data
8041ED28:_yuugijouWorkPtr

// sac_scissor.o
// 8023127C:wait_star_standby
// 802312B4:star_stone_appear
// 802312E0:scissor_end
// 80231350:scissor_init
// 802313C4:scissor_disp_region
// 802316C4:scissor_offscreen
80231704:scissor_disp_control
// 8023193C:scissor_capture
// 802319A4:scissor_ofscreen_ok
// 80231A08:scissor_damage_sub2
// 80231B24:scissor_damage_sub
// 80231D8C:scissor_damage
// 80232018:scissor_control
80232434:scissor_timer_main
// 8023259C:scissor_timer_get
// 802325F8:star_disp2D_sub
// 802327A0:star_disp2D
// 80232810:star_control
// 80232CAC:weaponGetPower_Scissor
// 80232D38:tess
// 80232F84:scissor_tess
// 80232FF4:scissor_cross
// 80233420:scissor_intersection4
// 802334C0:scissor_intersection3
// 8023355C:scissor_intersection2
// 802335DC:scissor_intersection
80233C34:GetScissorPtr

// evt_lecture.o
// 80257574:lect_juyoitem_rel_get
// 802575A4:lect_juyoitem_rel_set
// 802575D4:lect_cam_load
// 802577B4:lect_cam_save
// 802578FC:lect_test_systemlevel
80257920:lect_set_systemlevel

// evt_memcard.o
// text
// 8025C0B8:memcard_write
// 8025C100:memcard_file_existance
// 8025C188:memcard_ipl
// 8025C19C:memcard_header_write
// 8025C1DC:memcard_copy
// 8025C260:memcard_delete
// 8025C2BC:memcard_create
// 8025C2FC:memcard_format
// 8025C33C:memcard_load
// 8025C454:memcard_code
// data
803BA444:evt_memcard_save

// runtime.c
802648BC:_savefpr_14
802648C0:_savefpr_15
802648C4:_savefpr_16
802648C8:_savefpr_17
802648CC:_savefpr_18
802648D0:_savefpr_19
802648D4:_savefpr_20
802648D8:_savefpr_21
802648DC:_savefpr_22
802648E0:_savefpr_23
802648E4:_savefpr_24
802648E8:_savefpr_25
802648EC:_savefpr_26
802648F0:_savefpr_27
802648F4:_savefpr_28
802648F8:_savefpr_29
802648FC:_savefpr_30
80264900:_savefpr_31
80264954:_savegpr_14
80264958:_savegpr_15
8026495C:_savegpr_16
80264960:_savegpr_17
80264964:_savegpr_18
80264968:_savegpr_19
8026496C:_savegpr_20
80264970:_savegpr_21
80264974:_savegpr_22
80264978:_savegpr_23
8026497C:_savegpr_24
80264980:_savegpr_25
80264984:_savegpr_26
80264988:_savegpr_27
8026498C:_savegpr_28
80264990:_savegpr_29
80264994:_savegpr_30
80264998:_savegpr_31
802649EC:__udivdi3
80264AD8:__divdi3
80264C10:__umoddi3
80264CF4:__moddi3
80264E00:__ashldi3
80264E24:__lshrdi3
80264E48:__ashrdi3
80264E70:__floatdisf
80264F24:__floatundisf
80264FC4:__fixsfdi
80264FC4:__fixdfdi
80264FC4:__fixunssfdi
80264FC4:__fixunsdfdi

// mem.c
80269C68:memcmp
// 80269CB4:__memrchr
// 80269CE0:memchr
80269D0C:memmove

// printf.c
8026A0B8:sprintf
// unused:snprintf
8026A198:vsprintf
// unused:vsnprintf
// unused:vfprintf
8026A210:vprintf
// unused:fprintf
8026A2A8:printf
8026A390:__StringWrite
8026A3FC:__FileWrite
8026A454:__pformatter
// 8026ABC8:float2str
// 8026B2E4:round_decimal
// 8026B410:double2hex
// 8026B748:longlong2str
// 8026BA5C:long2str
// 8026BCB4:parse_format

// scanf.c
8026C344:sscanf
// 8026C408:__StringRead
// 8026C498:__sformatter
// 8026CE44:parse_format

// string.c
// 8026D38C:strstr
8026D3F4:strchr
8026D424:strncmp
8026D464:strcmp
8026D58C:strcat
8026D5B8:strncpy
8026D5FC:strcpy
8026D6B4:strlen

// w_atan2.c
802725A0:atan2

// OSAlloc.c
// text
80296400:DLInsert
802964AC:OSAllocFromHeap
802965A8:OSFreeToHeap
// 80296624:OSSetCurrentHeap
// 80296634:OSInitAlloc
802966A4:OSCreateHeap
80296710:OSDestroyHeap
// data
8041F070:HeapArray
8041F074:NumHeaps

// OSArena.c
// text
// 80296734:OSGetArenaHi
// 8029673C:OSGetArenaLo
// 80296744:OSSetArenaHi
// 8029674C:OSSetArenaLo
80296754:OSAllocFromArenaLo
// data
8041E430:__OSArenaLo
8041F080:__OSArenaHi

// OSCache.c
// 80296A14:DCEnable
// 80296A28:DCInvalidateRange
80296A54:DCFlushRange
// 80296A84:DCStoreRange
// 80296AB4:DCFlushRangeNoSync
// 80296AE0:DCStoreRangeNoSync
// unused:DCZeroRange
80296B0C:ICInvalidateRange
// 80296B40:ICFlashInvalidate
// 80296B50:ICEnable
// unused:__LCEnable
// unused:LCEnable
// 80296B64:LCDisable
// unused:LCStoreBlocks
// unused:LCStoreData
// unused:LCQueueWait
// 80296B8C:L2GlobalInvalidate
// 80296C24:DMAErrorHandler
// 80296D84:__OSCacheInit

// OSContext.c
// 80296E78:__OSLoadFPUContext
// 80296F9C:__OSSaveFPUContext
// 802970C4:OSSaveFPUContext
// 802970CC:OSSetCurrentContext
// 80297128:OSGetCurrentContext
// 80297134:OSSaveContext
// 802971B4:OSLoadContext
// 8029728C:OSGetStackPointer
// 80297294:OSClearContext
// 802972B8:OSInitContext
// 80297374:OSDumpContext
// 8029761C:OSSwitchFPUContext
// 802976A0:__OSContextInit
802976E8:L_OSFillFPUContext

// OSError.c
80297814:OSReport
// 80297894:OSPanic
// 802979C0:OSSetErrorHandler
// 80297BD8:__OSUnhandledException

// OSFont.c
// 80298820:GetFontCode
// 80298994:Decode
80298B08:OSGetFontEncode
// 80298B6C:ReadFont
// 80298E90:OSLoadFont
// 80298FD0:ParseStringS
// 8029910C:OSGetFontTexel
// 802993AC:L_ExpandFontSheet
80299758:L_OSInitFont
80299964:L_OSGetFontTexture

// OSInterrupt.c
80299AD4:OSDisableInterrupts
// 80299AE8:OSEnableInterrupts
80299AFC:OSRestoreInterrupts
// 80299B20:__OSSetInterruptHandler
// 80299B3C:__OSGetInterruptHandler
// 80299B50:__OSInterruptInit
// 80299BC4:SetInterruptMask
// 80299E9C:__OSMaskInterrupts
// 80299F24:__OSUnmaskInterrupts
// 80299FAC:__OSDispatchInterrupt
// 8029A2F0:ExternalInterruptHandler

// OSLink.c
// 8029A340:OSNotifyLink
// 8029A344:OSNotifyUnlink
// 8029A348:Relocate
// 8029A604:Link
8029A8E4:OSLink
// 8029A908:Undo
// 8029AB40:OSUnlink
// 8029AD14:__OSModuleInit

// OSReset.c
// 8029B0F8:OSRegisterResetFunction
// 8029B17C:__OSCallResetFunctions
// 8029B224:Reset
// 8029B294:KillThreads
// 8029B2FC:__OSDoHotReset
// 8029B344:OSResetSystem
8029B544:OSGetResetCode

// OSTime.c
8029D84C:OSGetTime
8029D864:OSGetTick
// 8029D86C:__OSGetSystemTime
// 8029D8D0:GetDates
// 8029DA6C:OSTicksToCalendarTime

// mtx.a
// 8029DD04:PSMTXIdentity
// 8029DD30:PSMTXCopy
8029DD64:PSMTXConcat
// 8029DE30:PSMTXInverse
// 8029DF28:PSMTXInvXpose
// 8029DFF0:PSMTXRotRad
// 8029E060:PSMTXRotTrig
// 8029E110:__PSMTXRotAxisRadInternal
// 8029E1C0:PSMTXRotAxisRad
8029E230:PSMTXTrans
8029E264:PSMTXTransApply
8029E2B0:PSMTXScale
// 8029E2D8:PSMTXScaleApply
// 8029E330:C_MTXLookAt
// 8029E4BC:C_MTXLightFrustum
// 8029E550:C_MTXLightPerspective
// 8029E61C:C_MTXLightOrtho
// 8029E6A4:PSMTXMultVec
// 8029E6F8:PSMTXMultVecSR
// 8029E74C:C_MTXFrustum
// 8029E7E8:C_MTXPerspective
8029E8B8:C_MTXOrtho
// 8029E950:PSMTX44Copy
// 8029E994:PSMTX44Concat
// 8029EA98:PSMTX44Trans
// 8029EAD4:PSMTX44Scale
// 8029EB08:PSMTX44MultVec
8029EB80:PSVECAdd
// 8029EBA4:PSVECSubtract
8029EBC8:PSVECScale
// 8029EBE4:PSVECNormalize
// 8029EC28:PSVECSquareMag
// 8029EC40:PSVECMag
// 8029EC84:PSVECDotProduct
// 8029ECA4:PSVECCrossProduct
// 8029ECE0:C_VECHalfAngle
// 8029EDB8:C_VECReflect
// 8029EE8C:PSVECSquareDistance
// 8029EEB4:PSVECDistance

// vi.c
// 802A3500:__VIRetraceHandler
// 802A3774:VISetPreRetraceCallback
// 802A37B8:VISetPostRetraceCallback
// 802A37FC:getTiming
// 802A38A4:__VIInit
// 802A3AA8:VIInit
802A3F58:VIWaitForRetrace
// 802A3FAC:setFbbRegs
// 802A4280:setVerticalRegs
// 802A4420:VIConfigure
802A4C28:VIFlush
802A4D58:VISetNextFrameBuffer
802A4DC4:VISetBlack
802A4E40:VIGetRetraceCount
// 802A4E48:GetCurrentDisplayPosition
// 802A4E84:getCurrentFieldEvenOdd
// 802A4EEC:VIGetNextField
// 802A4F88:VIGetCurrentLine
// 802A5020:VIGetTvFormat
// 802A5088:VIGetDTVStatus
// 802A50C4:__VIDisplayPositionToXY
// 802A52E0:__VIGetCurrentPosition

// DEMOPuts.c
802A5340:DEMOInitCaption
802A559C:DEMOPuts
802A58AC:DEMOPrintf

// pad.a
// 802A66C8:ClampStick
// 802A67F8:PADClamp
// 802A690C:UpdateOrigin
// 802A6AB0:PADOriginCallback
// 802A6B74:PADOriginUpdateCallback
// 802A6C40:PADProbeCallback
// 802A6D18:PADTypeAndStatusCallback
// 802A7044:PADReceiveCheckCallback
// 802A7184:PADReset
// 802A7294:PADRecalibrate
// 802A73A8:PADInit
// 802A74F8:PADRead
// 802A77F8:U_PADControlMotor
// 802A78B0:PADSetSpec
// 802A7910:SPEC0_MakeStatus
// 802A7A84:SPEC1_MakeStatus
// 802A7BF8:SPEC2_MakeStatus
// 802A8068:OnReset
// 802A8124:SamplingHandler
// 802A8184:PADSetSamplingCallback
// 802A81D8:__PADDisableRecalibration

// card.a
// 802AB4A4:__CARDDefaultApiCallback
// 802AB4A8:__CARDSyncCallback
// 802AB4DC:__CARDExtHandler
// 802AB5B4:__CARDExiHandler
// 802AB6CC:__CARDTxHandler
// 802AB774:__CARDUnlockedHandler
// 802AB7F8:__CARDEnableInterrupt
// 802AB8B8:__CARDReadStatus
// 802AB9A8:__CARDReadVendorID
// 802ABA98:__CARDClearStatus
// 802ABB44:TimeoutHandler
// 802ABBE8:Retry
// 802ABE88:UnlockedCallback
// 802ABF98:__CARDStart
// 802AC1BC:__CARDReadSegment
// 802AC2F0:__CARDWritePage
// 802AC42C:__CARDEraseSector
// 802AC53C:CARDInit
// 802AC5E8:__CARDGetFontEncode
// 802AC5F0:__CARDSetDiskID
802AC628:__CARDGetControlBlock
802AC6E0:__CARDPutControlBlock
802AC744:CARDGetResultCode
// 802AC774:CARDFreeBlocks
// 802AC8C4:__CARDSync
// 802AC95C:OnReset
// 802AC9AC:CARDSetFastMode
// 802AC9E0:CARDGetFastMode
// 802AC9FC:bitrev
// 802ACB68:ReadArrayUnlock
// 802ACCAC:DummyLen
// 802ACD70:__CARDUnlock
// 802AD8C8:InitCallback
// 802AD938:DoneCallback
// 802ADC5C:BlockReadCallback
// 802ADD38:__CARDRead
// 802ADD9C:BlockWriteCallback
// 802ADE84:__CARDWrite
// 802ADEEC:__CARDGetFatBlock
// 802ADEF4:WriteCallback
// 802ADFC8:EraseCallback
// 802AE090:__CARDAllocBlock
// 802AE1A8:__CARDFreeBlock
// 802AE244:__CARDUpdateFatBlock
802AE2F0:__CARDGetDirBlock
// 802AE2F8:WriteCallback
// 802AE3C8:EraseCallback
802AE490:__CARDUpdateDir
// 802AE554:__CARDCheckSum
// 802AE704:VerifyID
// 802AE988:VerifyDir
// 802AEBC8:VerifyFAT
// 802AEE4C:__CARDVerify
// 802AEED8:CARDCheckExAsync
802AF468:CARDCheckAsync
// 802AF490:IsCard
// 802AF55C:CARDProbe
802AF594:CARDProbeEx
// 802AF710:DoMount
// 802AFB64:__CARDMountCallback
802AFC9C:CARDMountAsync
// 802AFE3C:DoUnmount
802AFED8:CARDUnmount
// 802AFF84:FormatCallback
// 802B00C8:__CARDFormatRegionAsync
// 802B0720:CARDFormatAsync
802B0768:__CARDCompareFileName
802B07D0:__CARDAccess
802B0864:__CARDIsWritable
// 802B0998:__CARDIsReadable
// 802B0A8C:__CARDGetFileNo
802B0BDC:CARDOpen
802B0CF8:CARDClose
// 802B0D4C:__CARDIsOpened
// 802B0D54:CreateCallbackFat
802B0E84:CARDCreateAsync
// 802B10A4:__CARDSeek
// 802B125C:ReadCallback
802B138C:CARDReadAsync
// 802B14D0:CARDCancel
// 802B155C:WriteCallback
// 802B16CC:EraseCallback
802B177C:CARDWriteAsync
// 802B1890:DeleteCallback
// 802B1934:CARDDeleteAsync
802B1A44:CARDDelete
// 802B1A8C:UpdateIconOffsets
802B1C84:CARDGetStatus
802B1D98:CARDSetStatusAsync
// 802B1F0C:CARDGetSerialNo

// gx.a
// 802B1FD0:__GXDefaultTexRegionCallback
// 802B20CC:__GXDefaultTlutRegionCallback
// 802B20F0:__GXShutdown
// 802B2280:__GXInitRevisionBits
// 802B2424:GXInit
// 802B2A24:__GXInitGX
// 802B335C:GXCPInterruptHandler
// 802B3490:GXInitFifoBase
// 802B34FC:GXInitFifoPtrs
// 802B356C:GXInitFifoLimits
// 802B3578:GXSetCPUFifo
// 802B36A0:GXSetGPFifo
// 802B3818:GXSaveCPUFifo
// 802B384C:__GXSaveCPUFifoAux
// 802B3914:GXGetGPStatus
// 802B3964:GXGetFifoBase
// 802B396C:GXGetFifoSize
// 802B3974:GXSetBreakPtCallback
// 802B39B8:__GXFifoInit
// 802B3A04:__GXFifoReadEnable
// 802B3A28:__GXFifoReadDisable
// 802B3A4C:__GXFifoLink
// 802B3A80:__GXWriteFifoIntEnable
// 802B3AB0:__GXWriteFifoIntReset
// 802B3AE0:__GXCleanGPFifo
// 802B3BE0:GXGetCPUFifo
// 802B3BE8:GXGetGPFifo
// 802B3BF0:GXGetOverflowCount
// 802B3BF8:GXResetOverflowCount
802B3C08:GXSetVtxDesc
// 802B3E74:GXSetVtxDescv
// 802B40FC:__GXSetVCD
// 802B41B8:__GXCalculateVLim
// 802B42DC:GXGetVtxDesc
// 802B4490:GXGetVtxDescv
802B4520:GXClearVtxDesc
802B4558:GXSetVtxAttrFmt
// 802B47B4:GXSetVtxAttrFmtv
// 802B4A34:__GXSetVAT
// 802B4ABC:GXGetVtxAttrFmt
// 802B4D3C:GXGetVtxAttrFmtv
// 802B4DB0:GXSetArray
// 802B4DF4:GXInvalidateVtxCache
802B4E04:GXSetTexCoordGen2
802B5084:GXSetNumTexGens
// 802B50C0:GXSetMisc
// 802B5154:GXFlush
// 802B51B0:GXResetWriteGatherPipe
// 802B51E4:__GXAbort
// 802B5350:GXAbortFrame
// 802B5518:GXSetDrawSync
// 802B55CC:GXReadDrawSync
// 802B55D8:GXDrawDone
// 802B5658:GXPixModeSync
// 802B567C:GXTexModeSync
// 802B56A0:GXPokeAlphaMode
// 802B56B4:GXPokeAlphaRead
// 802B56D4:GXPokeAlphaUpdate
// 802B56EC:GXPokeBlendMode
// 802B5750:GXPokeColorUpdate
// 802B5768:GXPokeDstAlpha
// 802B578C:GXPokeDither
// 802B57A4:GXPokeZMode
// 802B57C4:GXPeekARGB
// 802B57E8:GXSetDrawSyncCallback
// 802B582C:GXTokenInterruptHandler
// 802B58B4:GXSetDrawDoneCallback
// 802B58F8:GXFinishInterruptHandler
// 802B5978:__GXPEInit
// 802B59EC:__GXSetDirtyState
802B5A6C:GXBegin
// 802B5B3C:__GXSendFlushPrim
802B5BC4:GXSetLineWidth
// 802B5C04:GXSetPointSize
// 802B5C44:GXEnableTexOffsets
802B5C8C:GXSetCullMode
// 802B5CB4:GXGetCullMode
// 802B5CD0:GXSetCoPlanar
// 802B5D04:__GXSetGenMode
// 802B5D28:GXAdjustForOverscan
// 802B5E6C:GXSetDispCopySrc
// 802B5EE8:GXSetTexCopySrc
// 802B5F64:GXSetDispCopyDst
// 802B5F98:GXSetTexCopyDst
// 802B60C8:GXSetDispCopyFrame2Field
// 802B60EC:GXSetCopyClamp
// 802B6144:GXGetYScaleFactor
// 802B637C:GXSetDispCopyYScale
802B6448:GXSetCopyClear
// 802B64C0:GXSetCopyFilter
// 802B66C8:GXSetDispCopyGamma
802B66DC:GXCopyDisp
// 802B6844:GXCopyTex
// 802B69D0:GXClearBoundingBox
// 802B6A08:GXReadBoundingBox
// 802B6A3C:GXInitLightAttn
// 802B6A58:GXInitLightSpot
// 802B6BE8:GXInitLightDistAttn
// 802B6CB8:GXInitLightPos
// 802B6CC8:GXInitLightDir
// 802B6CE4:GXInitLightColor
// 802B6CF0:GXLoadLightObjImm
// 802B6D6C:GXSetChanAmbColor
802B6E54:GXSetChanMatColor
802B6F3C:GXSetNumChans
802B6F78:GXSetChanCtrl
// 802B7028:__GXGetTexTileShift
// 802B708C:GXGetTexBufferSize
// 802B71E8:__GetImageTileCount
802B72B0:GXInitTexObj
// 802B74FC:GXInitTexObjCI
// 802B7544:GXInitTexObjLOD
// 802B76A8:GXInitTexObjData
// 802B76B8:GXGetTexObjData
// 802B76C4:GXGetTexObjWidth
// 802B76D4:GXGetTexObjHeight
// 802B76E4:GXGetTexObjFmt
// 802B76EC:GXGetTexObjMipMap
// 802B7704:GXLoadTexObjPreLoaded
802B7880:GXLoadTexObj
// 802B78D4:GXInitTlutObj
// 802B790C:GXLoadTlut
// 802B79A4:GXInitTexCacheRegion
// 802B7A98:GXInitTexPreLoadRegion
// 802B7B1C:GXInitTlutRegion
// 802B7B54:GXInvalidateTexAll
// 802B7B9C:GXSetTexRegionCallback
// 802B7BB0:GXSetTlutRegionCallback
// 802B7BC4:GXPreLoadEntireTexture
// 802B7E28:__SetSURegs
// 802B7EC8:__GXSetSUTexRegs
// 802B8044:__GXSetTmemConfig
// 802B8398:GXSetTevIndirect
// 802B8404:GXSetIndTexMtx
// 802B857C:GXSetIndTexCoordScale
// 802B86C0:GXSetIndTexOrder
// 802B87AC:GXSetNumIndStages
// 802B87D0:GXSetTevDirect
// 802B8818:GXSetTevIndWarp
// 802B887C:__GXUpdateBPMask
// 802B8880:__GXSetIndirectMask
// 802B88B0:__GXFlushTextureState
802B88D4:GXSetTevOp
// 802B8960:GXSetTevColorIn
// 802B89A4:GXSetTevAlphaIn
// 802B89E8:GXSetTevColorOp
// 802B8A50:GXSetTevAlphaOp
// 802B8AB8:GXSetTevColor
// 802B8B18:GXSetTevColorS10
// 802B8B7C:GXSetTevKColor
// 802B8BE0:GXSetTevKColorSel
// 802B8C3C:GXSetTevKAlphaSel
// 802B8C98:GXSetTevSwapMode
// 802B8CE0:GXSetTevSwapModeTable
802B8D60:GXSetAlphaCompare
// 802B8DA4:GXSetZTexture
802B8E30:GXSetTevOrder
802B8FCC:GXSetNumTevStages
// 802B8FF4:GXSetFog
// 802B9208:GXSetFogRangeAdj
802B932C:GXSetBlendMode
802B9380:GXSetColorUpdate
802B93AC:GXSetAlphaUpdate
802B93D8:GXSetZMode
// 802B940C:GXSetZCompLoc
// 802B9440:GXSetPixelFmt
// 802B9514:GXSetDither
// 802B9540:GXSetDstAlpha
// 802B957C:GXSetFieldMask
// 802B95B4:GXSetFieldMode
// 802B962C:GXDrawSphere
// 802B99A8:GXDrawCubeFace
// 802B9BC0:GXDrawCube
// 802B9E10:GXBeginDisplayList
// 802B9EDC:GXEndDisplayList
// 802B9FA0:GXCallDisplayList
// 802BA010:GXProject
802BA184:GXSetProjection
// 802BA228:GXSetProjectionv
// 802BA2B4:GXGetProjectionv
802BA2FC:GXLoadPosMtxImm
// 802BA34C:GXLoadNrmMtxImm
802BA39C:GXSetCurrentMtx
802BA3D0:GXLoadTexMtxImm
// 802BA484:__GXSetViewport
// 802BA514:GXSetViewportJitter
802BA56C:GXSetViewport
// 802BA5B4:GXGetViewportv
// 802BA5D8:GXSetZScaleOffset
802BA644:GXSetScissor
// 802BA6BC:GXGetScissor
// 802BA704:GXSetScissorBoxOffset
// 802BA744:GXSetClipMode
// 802BA76C:__GXSetMatrixIndex
// 802BA7F0:GXSetGPMetric
// 802BB038:GXReadGPMetric
// 802BB1E0:GXClearGPMetric
// 802BB1F0:GXReadGP0Metric
// 802BB21C:GXReadGP1Metric
// 802BB248:GXReadMemMetric
// 802BB45C:GXClearMemMetric
// 802BB504:GXReadPixMetric
// 802BB63C:GXClearPixMetric
// 802BB66C:GXSetVCacheMetric
// 802BB6B0:GXReadVCacheMetric
// 802BB744:GXClearVCacheMetric
// 802BB760:GXReadXfRasMetric

// exi.a
// text
// 802BB824:SetExiInterruptMask
// 802BB918:EXIImm
// 802BBB74:EXIImmEx
// 802BBC14:EXIDma
// 802BBD00:EXISync
// 802BBF4C:EXIClearInterrupts
// 802BBF94:EXISetExiCallback
802BC010:__EXIProbe
// 802BC184:EXIProbe
// 802BC204:EXIProbeEx
// 802BC2B8:EXIAttach
// 802BC3C4:EXIDetach
// 802BC480:EXISelect
// 802BC5AC:EXIDeselect
// 802BC6BC:EXIIntrruptHandler
// 802BC784:TCIntrruptHandler
// 802BC99C:EXTIntrruptHandler
// 802BCA6C:EXIInit
// 802BCC40:EXILock
// 802BCD34:EXIUnlock
// 802BCE10:EXIGetState
// 802BCE28:UnlockedHandler
// 802BCE50:EXIGetID
// unused:EXIGetType
// 802BD200:ProbeBarnacle
// 802BD38C:__OSEnableBarnacle
// 802BD548:InitializeUART
// 802BD5B8:WriteUARTN
// data
80414C50:Ecb

// item_data.o
// data
803108A8:itemDataTable

// ppc
// data
CC008000:writeGatherPipe